CRITICAL - 2023-09-13 03:48:07 --> syntax error, unexpected token "}", expecting "," or ";"
in APPPATH\Controllers\MainController.php on line 17.
 1 SYSTEMPATH\Autoloader\Autoloader.php(285): CodeIgniter\Autoloader\Autoloader->includeFile('C:\\laragon\\www\\3f2\\app\\Controllers\\MainController.php')
 2 SYSTEMPATH\Autoloader\Autoloader.php(263): CodeIgniter\Autoloader\Autoloader->loadInNamespace('App\\Controllers\\MainController')
 3 [internal function]: CodeIgniter\Autoloader\Autoloader->loadClass('App\\Controllers\\MainController')
 4 SYSTEMPATH\CodeIgniter.php(877): class_exists('\\App\\Controllers\\MainController', true)
 5 SYSTEMPATH\CodeIgniter.php(481): CodeIgniter\CodeIgniter->startController()
 6 SYSTEMPATH\CodeIgniter.php(353): CodeIgniter\CodeIgniter->handleRequest(null, Object(Config\Cache), false)
 7 FCPATH\index.php(79): CodeIgniter\CodeIgniter->run()
 8 SYSTEMPATH\Commands\Server\rewrite.php(47): require_once('C:\\laragon\\www\\3f2\\public\\index.php')
CRITICAL - 2023-09-13 04:05:18 --> Invalid file: ".php"
in SYSTEMPATH\Exceptions\FrameworkException.php on line 39.
 1 SYSTEMPATH\View\View.php(214): CodeIgniter\Exceptions\FrameworkException::forInvalidFile('.php')
 2 SYSTEMPATH\Common.php(1188): CodeIgniter\View\View->render('', [], true)
 3 APPPATH\Controllers\MainController.php(16): view('')
 4 SYSTEMPATH\CodeIgniter.php(919): App\Controllers\MainController->test()
 5 SYSTEMPATH\CodeIgniter.php(494): CodeIgniter\CodeIgniter->runController(Object(App\Controllers\MainController))
 6 SYSTEMPATH\CodeIgniter.php(353): CodeIgniter\CodeIgniter->handleRequest(null, Object(Config\Cache), false)
 7 FCPATH\index.php(79): CodeIgniter\CodeIgniter->run()
 8 SYSTEMPATH\Commands\Server\rewrite.php(47): require_once('C:\\laragon\\www\\3f2\\public\\index.php')
CRITICAL - 2023-09-13 04:05:56 --> Invalid file: ".php"
in SYSTEMPATH\Exceptions\FrameworkException.php on line 39.
 1 SYSTEMPATH\View\View.php(214): CodeIgniter\Exceptions\FrameworkException::forInvalidFile('.php')
 2 SYSTEMPATH\Common.php(1188): CodeIgniter\View\View->render('', [], true)
 3 APPPATH\Controllers\MainController.php(16): view('')
 4 SYSTEMPATH\CodeIgniter.php(919): App\Controllers\MainController->test()
 5 SYSTEMPATH\CodeIgniter.php(494): CodeIgniter\CodeIgniter->runController(Object(App\Controllers\MainController))
 6 SYSTEMPATH\CodeIgniter.php(353): CodeIgniter\CodeIgniter->handleRequest(null, Object(Config\Cache), false)
 7 FCPATH\index.php(79): CodeIgniter\CodeIgniter->run()
 8 SYSTEMPATH\Commands\Server\rewrite.php(47): require_once('C:\\laragon\\www\\3f2\\public\\index.php')
CRITICAL - 2023-09-13 04:53:14 --> syntax error, unexpected token "=>"
in APPPATH\Controllers\MainController.php on line 18.
 1 SYSTEMPATH\Autoloader\Autoloader.php(285): CodeIgniter\Autoloader\Autoloader->includeFile('C:\\laragon\\www\\3f2\\app\\Controllers\\MainController.php')
 2 SYSTEMPATH\Autoloader\Autoloader.php(263): CodeIgniter\Autoloader\Autoloader->loadInNamespace('App\\Controllers\\MainController')
 3 [internal function]: CodeIgniter\Autoloader\Autoloader->loadClass('App\\Controllers\\MainController')
 4 SYSTEMPATH\CodeIgniter.php(877): class_exists('\\App\\Controllers\\MainController', true)
 5 SYSTEMPATH\CodeIgniter.php(481): CodeIgniter\CodeIgniter->startController()
 6 SYSTEMPATH\CodeIgniter.php(353): CodeIgniter\CodeIgniter->handleRequest(null, Object(Config\Cache), false)
 7 FCPATH\index.php(79): CodeIgniter\CodeIgniter->run()
 8 SYSTEMPATH\Commands\Server\rewrite.php(47): require_once('C:\\laragon\\www\\3f2\\public\\index.php')
CRITICAL - 2023-09-13 05:03:34 --> Undefined array key "studentId"
in APPPATH\Views\main.php on line 17.
 1 APPPATH\Views\main.php(17): CodeIgniter\Debug\Exceptions->errorHandler(2, 'Undefined array key "studentId"', 'C:\\laragon\\www\\3f2\\app\\Views\\main.php', 17)
 2 SYSTEMPATH\View\View.php(226): include('C:\\laragon\\www\\3f2\\app\\Views\\main.php')
 3 SYSTEMPATH\View\View.php(229): CodeIgniter\View\View->CodeIgniter\View\{closure}()
 4 SYSTEMPATH\Common.php(1188): CodeIgniter\View\View->render('main', [], true)
 5 APPPATH\Controllers\MainController.php(19): view('main', [...])
 6 SYSTEMPATH\CodeIgniter.php(919): App\Controllers\MainController->test()
 7 SYSTEMPATH\CodeIgniter.php(494): CodeIgniter\CodeIgniter->runController(Object(App\Controllers\MainController))
 8 SYSTEMPATH\CodeIgniter.php(353): CodeIgniter\CodeIgniter->handleRequest(null, Object(Config\Cache), false)
 9 FCPATH\index.php(79): CodeIgniter\CodeIgniter->run()
10 SYSTEMPATH\Commands\Server\rewrite.php(47): require_once('C:\\laragon\\www\\3f2\\public\\index.php')
ERROR - 2023-09-13 05:51:08 --> mysqli_sql_exception: Column 'studentID' cannot be null in C:\laragon\www\3f2\system\Database\MySQLi\Connection.php:306
Stack trace:
#0 C:\laragon\www\3f2\system\Database\MySQLi\Connection.php(306): mysqli->query('INSERT INTO `st...', 0)
#1 C:\laragon\www\3f2\system\Database\BaseConnection.php(692): CodeIgniter\Database\MySQLi\Connection->execute('INSERT INTO `st...')
#2 C:\laragon\www\3f2\system\Database\BaseConnection.php(606): CodeIgniter\Database\BaseConnection->simpleQuery('INSERT INTO `st...')
#3 C:\laragon\www\3f2\system\Database\BaseBuilder.php(2308): CodeIgniter\Database\BaseConnection->query('INSERT INTO `st...', Array, false)
#4 C:\laragon\www\3f2\system\Model.php(319): CodeIgniter\Database\BaseBuilder->insert()
#5 C:\laragon\www\3f2\system\BaseModel.php(788): CodeIgniter\Model->doInsert(Array)
#6 C:\laragon\www\3f2\system\Model.php(715): CodeIgniter\BaseModel->insert(Array, true)
#7 C:\laragon\www\3f2\app\Controllers\MainController.php(29): CodeIgniter\Model->insert(Array)
#8 C:\laragon\www\3f2\system\CodeIgniter.php(919): App\Controllers\MainController->save()
#9 C:\laragon\www\3f2\system\CodeIgniter.php(494): CodeIgniter\CodeIgniter->runController(Object(App\Controllers\MainController))
#10 C:\laragon\www\3f2\system\CodeIgniter.php(353): CodeIgniter\CodeIgniter->handleRequest(NULL, Object(Config\Cache), false)
#11 C:\laragon\www\3f2\public\index.php(79): CodeIgniter\CodeIgniter->run()
#12 C:\laragon\www\3f2\system\Commands\Server\rewrite.php(47): require_once('C:\\laragon\\www\\...')
#13 {main}
CRITICAL - 2023-09-13 05:51:08 --> Column 'studentID' cannot be null
in SYSTEMPATH\Database\BaseConnection.php on line 646.
 1 SYSTEMPATH\Database\BaseBuilder.php(2308): CodeIgniter\Database\BaseConnection->query('INSERT INTO `students` (`studentID`, `FullName`, `YearLevel`, `Program`) VALUES (:studentID:, :FullName:, :YearLevel:, :Program:)', [...], false)
 2 SYSTEMPATH\Model.php(319): CodeIgniter\Database\BaseBuilder->insert()
 3 SYSTEMPATH\BaseModel.php(788): CodeIgniter\Model->doInsert([...])
 4 SYSTEMPATH\Model.php(715): CodeIgniter\BaseModel->insert([...], true)
 5 APPPATH\Controllers\MainController.php(29): CodeIgniter\Model->insert([...])
 6 SYSTEMPATH\CodeIgniter.php(919): App\Controllers\MainController->save()
 7 SYSTEMPATH\CodeIgniter.php(494): CodeIgniter\CodeIgniter->runController(Object(App\Controllers\MainController))
 8 SYSTEMPATH\CodeIgniter.php(353): CodeIgniter\CodeIgniter->handleRequest(null, Object(Config\Cache), false)
 9 FCPATH\index.php(79): CodeIgniter\CodeIgniter->run()
10 SYSTEMPATH\Commands\Server\rewrite.php(47): require_once('C:\\laragon\\www\\3f2\\public\\index.php')
ERROR - 2023-09-13 05:51:27 --> mysqli_sql_exception: Column 'studentID' cannot be null in C:\laragon\www\3f2\system\Database\MySQLi\Connection.php:306
Stack trace:
#0 C:\laragon\www\3f2\system\Database\MySQLi\Connection.php(306): mysqli->query('INSERT INTO `st...', 0)
#1 C:\laragon\www\3f2\system\Database\BaseConnection.php(692): CodeIgniter\Database\MySQLi\Connection->execute('INSERT INTO `st...')
#2 C:\laragon\www\3f2\system\Database\BaseConnection.php(606): CodeIgniter\Database\BaseConnection->simpleQuery('INSERT INTO `st...')
#3 C:\laragon\www\3f2\system\Database\BaseBuilder.php(2308): CodeIgniter\Database\BaseConnection->query('INSERT INTO `st...', Array, false)
#4 C:\laragon\www\3f2\system\Model.php(319): CodeIgniter\Database\BaseBuilder->insert()
#5 C:\laragon\www\3f2\system\BaseModel.php(788): CodeIgniter\Model->doInsert(Array)
#6 C:\laragon\www\3f2\system\Model.php(715): CodeIgniter\BaseModel->insert(Array, true)
#7 C:\laragon\www\3f2\app\Controllers\MainController.php(29): CodeIgniter\Model->insert(Array)
#8 C:\laragon\www\3f2\system\CodeIgniter.php(919): App\Controllers\MainController->save()
#9 C:\laragon\www\3f2\system\CodeIgniter.php(494): CodeIgniter\CodeIgniter->runController(Object(App\Controllers\MainController))
#10 C:\laragon\www\3f2\system\CodeIgniter.php(353): CodeIgniter\CodeIgniter->handleRequest(NULL, Object(Config\Cache), false)
#11 C:\laragon\www\3f2\public\index.php(79): CodeIgniter\CodeIgniter->run()
#12 C:\laragon\www\3f2\system\Commands\Server\rewrite.php(47): require_once('C:\\laragon\\www\\...')
#13 {main}
CRITICAL - 2023-09-13 05:51:27 --> Column 'studentID' cannot be null
in SYSTEMPATH\Database\BaseConnection.php on line 646.
 1 SYSTEMPATH\Database\BaseBuilder.php(2308): CodeIgniter\Database\BaseConnection->query('INSERT INTO `students` (`studentID`, `FullName`, `YearLevel`, `Program`) VALUES (:studentID:, :FullName:, :YearLevel:, :Program:)', [...], false)
 2 SYSTEMPATH\Model.php(319): CodeIgniter\Database\BaseBuilder->insert()
 3 SYSTEMPATH\BaseModel.php(788): CodeIgniter\Model->doInsert([...])
 4 SYSTEMPATH\Model.php(715): CodeIgniter\BaseModel->insert([...], true)
 5 APPPATH\Controllers\MainController.php(29): CodeIgniter\Model->insert([...])
 6 SYSTEMPATH\CodeIgniter.php(919): App\Controllers\MainController->save()
 7 SYSTEMPATH\CodeIgniter.php(494): CodeIgniter\CodeIgniter->runController(Object(App\Controllers\MainController))
 8 SYSTEMPATH\CodeIgniter.php(353): CodeIgniter\CodeIgniter->handleRequest(null, Object(Config\Cache), false)
 9 FCPATH\index.php(79): CodeIgniter\CodeIgniter->run()
10 SYSTEMPATH\Commands\Server\rewrite.php(47): require_once('C:\\laragon\\www\\3f2\\public\\index.php')
ERROR - 2023-09-13 05:51:30 --> mysqli_sql_exception: Column 'studentID' cannot be null in C:\laragon\www\3f2\system\Database\MySQLi\Connection.php:306
Stack trace:
#0 C:\laragon\www\3f2\system\Database\MySQLi\Connection.php(306): mysqli->query('INSERT INTO `st...', 0)
#1 C:\laragon\www\3f2\system\Database\BaseConnection.php(692): CodeIgniter\Database\MySQLi\Connection->execute('INSERT INTO `st...')
#2 C:\laragon\www\3f2\system\Database\BaseConnection.php(606): CodeIgniter\Database\BaseConnection->simpleQuery('INSERT INTO `st...')
#3 C:\laragon\www\3f2\system\Database\BaseBuilder.php(2308): CodeIgniter\Database\BaseConnection->query('INSERT INTO `st...', Array, false)
#4 C:\laragon\www\3f2\system\Model.php(319): CodeIgniter\Database\BaseBuilder->insert()
#5 C:\laragon\www\3f2\system\BaseModel.php(788): CodeIgniter\Model->doInsert(Array)
#6 C:\laragon\www\3f2\system\Model.php(715): CodeIgniter\BaseModel->insert(Array, true)
#7 C:\laragon\www\3f2\app\Controllers\MainController.php(29): CodeIgniter\Model->insert(Array)
#8 C:\laragon\www\3f2\system\CodeIgniter.php(919): App\Controllers\MainController->save()
#9 C:\laragon\www\3f2\system\CodeIgniter.php(494): CodeIgniter\CodeIgniter->runController(Object(App\Controllers\MainController))
#10 C:\laragon\www\3f2\system\CodeIgniter.php(353): CodeIgniter\CodeIgniter->handleRequest(NULL, Object(Config\Cache), false)
#11 C:\laragon\www\3f2\public\index.php(79): CodeIgniter\CodeIgniter->run()
#12 C:\laragon\www\3f2\system\Commands\Server\rewrite.php(47): require_once('C:\\laragon\\www\\...')
#13 {main}
CRITICAL - 2023-09-13 05:51:30 --> Column 'studentID' cannot be null
in SYSTEMPATH\Database\BaseConnection.php on line 646.
 1 SYSTEMPATH\Database\BaseBuilder.php(2308): CodeIgniter\Database\BaseConnection->query('INSERT INTO `students` (`studentID`, `FullName`, `YearLevel`, `Program`) VALUES (:studentID:, :FullName:, :YearLevel:, :Program:)', [...], false)
 2 SYSTEMPATH\Model.php(319): CodeIgniter\Database\BaseBuilder->insert()
 3 SYSTEMPATH\BaseModel.php(788): CodeIgniter\Model->doInsert([...])
 4 SYSTEMPATH\Model.php(715): CodeIgniter\BaseModel->insert([...], true)
 5 APPPATH\Controllers\MainController.php(29): CodeIgniter\Model->insert([...])
 6 SYSTEMPATH\CodeIgniter.php(919): App\Controllers\MainController->save()
 7 SYSTEMPATH\CodeIgniter.php(494): CodeIgniter\CodeIgniter->runController(Object(App\Controllers\MainController))
 8 SYSTEMPATH\CodeIgniter.php(353): CodeIgniter\CodeIgniter->handleRequest(null, Object(Config\Cache), false)
 9 FCPATH\index.php(79): CodeIgniter\CodeIgniter->run()
10 SYSTEMPATH\Commands\Server\rewrite.php(47): require_once('C:\\laragon\\www\\3f2\\public\\index.php')
ERROR - 2023-09-13 09:55:55 --> Error connecting to the database: mysqli_sql_exception: Unknown database 'itc' in C:\laragon\www\3f2\system\Database\MySQLi\Connection.php:185
Stack trace:
#0 C:\laragon\www\3f2\system\Database\MySQLi\Connection.php(185): mysqli->real_connect('localhost', 'root', '', 'itc', 3306, '', 0)
#1 C:\laragon\www\3f2\system\Database\BaseConnection.php(391): CodeIgniter\Database\MySQLi\Connection->connect(false)
#2 C:\laragon\www\3f2\system\Database\BaseConnection.php(574): CodeIgniter\Database\BaseConnection->initialize()
#3 C:\laragon\www\3f2\system\Database\BaseBuilder.php(1615): CodeIgniter\Database\BaseConnection->query('SELECT *\nFROM `...', Array, false)
#4 C:\laragon\www\3f2\system\Model.php(237): CodeIgniter\Database\BaseBuilder->get()
#5 C:\laragon\www\3f2\system\BaseModel.php(624): CodeIgniter\Model->doFindAll(0, 0)
#6 C:\laragon\www\3f2\app\Controllers\MainController.php(18): CodeIgniter\BaseModel->findAll()
#7 C:\laragon\www\3f2\system\CodeIgniter.php(919): App\Controllers\MainController->test()
#8 C:\laragon\www\3f2\system\CodeIgniter.php(494): CodeIgniter\CodeIgniter->runController(Object(App\Controllers\MainController))
#9 C:\laragon\www\3f2\system\CodeIgniter.php(353): CodeIgniter\CodeIgniter->handleRequest(NULL, Object(Config\Cache), false)
#10 C:\laragon\www\3f2\public\index.php(79): CodeIgniter\CodeIgniter->run()
#11 C:\laragon\www\3f2\system\Commands\Server\rewrite.php(47): require_once('C:\\laragon\\www\\...')
#12 {main}

Next CodeIgniter\Database\Exceptions\DatabaseException: Unknown database 'itc' in C:\laragon\www\3f2\system\Database\MySQLi\Connection.php:229
Stack trace:
#0 C:\laragon\www\3f2\system\Database\BaseConnection.php(391): CodeIgniter\Database\MySQLi\Connection->connect(false)
#1 C:\laragon\www\3f2\system\Database\BaseConnection.php(574): CodeIgniter\Database\BaseConnection->initialize()
#2 C:\laragon\www\3f2\system\Database\BaseBuilder.php(1615): CodeIgniter\Database\BaseConnection->query('SELECT *\nFROM `...', Array, false)
#3 C:\laragon\www\3f2\system\Model.php(237): CodeIgniter\Database\BaseBuilder->get()
#4 C:\laragon\www\3f2\system\BaseModel.php(624): CodeIgniter\Model->doFindAll(0, 0)
#5 C:\laragon\www\3f2\app\Controllers\MainController.php(18): CodeIgniter\BaseModel->findAll()
#6 C:\laragon\www\3f2\system\CodeIgniter.php(919): App\Controllers\MainController->test()
#7 C:\laragon\www\3f2\system\CodeIgniter.php(494): CodeIgniter\CodeIgniter->runController(Object(App\Controllers\MainController))
#8 C:\laragon\www\3f2\system\CodeIgniter.php(353): CodeIgniter\CodeIgniter->handleRequest(NULL, Object(Config\Cache), false)
#9 C:\laragon\www\3f2\public\index.php(79): CodeIgniter\CodeIgniter->run()
#10 C:\laragon\www\3f2\system\Commands\Server\rewrite.php(47): require_once('C:\\laragon\\www\\...')
#11 {main}
CRITICAL - 2023-09-13 09:55:55 --> Unable to connect to the database.
Main connection [MySQLi]: Unknown database 'itc'
in SYSTEMPATH\Database\BaseConnection.php on line 427.
 1 SYSTEMPATH\Database\BaseConnection.php(574): CodeIgniter\Database\BaseConnection->initialize()
 2 SYSTEMPATH\Database\BaseBuilder.php(1615): CodeIgniter\Database\BaseConnection->query('SELECT *
FROM `students`', [], false)
 3 SYSTEMPATH\Model.php(237): CodeIgniter\Database\BaseBuilder->get()
 4 SYSTEMPATH\BaseModel.php(624): CodeIgniter\Model->doFindAll(0, 0)
 5 APPPATH\Controllers\MainController.php(18): CodeIgniter\BaseModel->findAll()
 6 SYSTEMPATH\CodeIgniter.php(919): App\Controllers\MainController->test()
 7 SYSTEMPATH\CodeIgniter.php(494): CodeIgniter\CodeIgniter->runController(Object(App\Controllers\MainController))
 8 SYSTEMPATH\CodeIgniter.php(353): CodeIgniter\CodeIgniter->handleRequest(null, Object(Config\Cache), false)
 9 FCPATH\index.php(79): CodeIgniter\CodeIgniter->run()
10 SYSTEMPATH\Commands\Server\rewrite.php(47): require_once('C:\\laragon\\www\\3f2\\public\\index.php')
ERROR - 2023-09-13 09:57:38 --> Error connecting to the database: mysqli_sql_exception: Unknown database 'itc' in C:\laragon\www\3f2\system\Database\MySQLi\Connection.php:185
Stack trace:
#0 C:\laragon\www\3f2\system\Database\MySQLi\Connection.php(185): mysqli->real_connect('localhost', 'root', '', 'itc', 3306, '', 0)
#1 C:\laragon\www\3f2\system\Database\BaseConnection.php(391): CodeIgniter\Database\MySQLi\Connection->connect(false)
#2 C:\laragon\www\3f2\system\Database\BaseConnection.php(574): CodeIgniter\Database\BaseConnection->initialize()
#3 C:\laragon\www\3f2\system\Database\BaseBuilder.php(1615): CodeIgniter\Database\BaseConnection->query('SELECT *\nFROM `...', Array, false)
#4 C:\laragon\www\3f2\system\Model.php(237): CodeIgniter\Database\BaseBuilder->get()
#5 C:\laragon\www\3f2\system\BaseModel.php(624): CodeIgniter\Model->doFindAll(0, 0)
#6 C:\laragon\www\3f2\app\Controllers\MainController.php(18): CodeIgniter\BaseModel->findAll()
#7 C:\laragon\www\3f2\system\CodeIgniter.php(919): App\Controllers\MainController->test()
#8 C:\laragon\www\3f2\system\CodeIgniter.php(494): CodeIgniter\CodeIgniter->runController(Object(App\Controllers\MainController))
#9 C:\laragon\www\3f2\system\CodeIgniter.php(353): CodeIgniter\CodeIgniter->handleRequest(NULL, Object(Config\Cache), false)
#10 C:\laragon\www\3f2\public\index.php(79): CodeIgniter\CodeIgniter->run()
#11 C:\laragon\www\3f2\system\Commands\Server\rewrite.php(47): require_once('C:\\laragon\\www\\...')
#12 {main}

Next CodeIgniter\Database\Exceptions\DatabaseException: Unknown database 'itc' in C:\laragon\www\3f2\system\Database\MySQLi\Connection.php:229
Stack trace:
#0 C:\laragon\www\3f2\system\Database\BaseConnection.php(391): CodeIgniter\Database\MySQLi\Connection->connect(false)
#1 C:\laragon\www\3f2\system\Database\BaseConnection.php(574): CodeIgniter\Database\BaseConnection->initialize()
#2 C:\laragon\www\3f2\system\Database\BaseBuilder.php(1615): CodeIgniter\Database\BaseConnection->query('SELECT *\nFROM `...', Array, false)
#3 C:\laragon\www\3f2\system\Model.php(237): CodeIgniter\Database\BaseBuilder->get()
#4 C:\laragon\www\3f2\system\BaseModel.php(624): CodeIgniter\Model->doFindAll(0, 0)
#5 C:\laragon\www\3f2\app\Controllers\MainController.php(18): CodeIgniter\BaseModel->findAll()
#6 C:\laragon\www\3f2\system\CodeIgniter.php(919): App\Controllers\MainController->test()
#7 C:\laragon\www\3f2\system\CodeIgniter.php(494): CodeIgniter\CodeIgniter->runController(Object(App\Controllers\MainController))
#8 C:\laragon\www\3f2\system\CodeIgniter.php(353): CodeIgniter\CodeIgniter->handleRequest(NULL, Object(Config\Cache), false)
#9 C:\laragon\www\3f2\public\index.php(79): CodeIgniter\CodeIgniter->run()
#10 C:\laragon\www\3f2\system\Commands\Server\rewrite.php(47): require_once('C:\\laragon\\www\\...')
#11 {main}
CRITICAL - 2023-09-13 09:57:38 --> Unable to connect to the database.
Main connection [MySQLi]: Unknown database 'itc'
in SYSTEMPATH\Database\BaseConnection.php on line 427.
 1 SYSTEMPATH\Database\BaseConnection.php(574): CodeIgniter\Database\BaseConnection->initialize()
 2 SYSTEMPATH\Database\BaseBuilder.php(1615): CodeIgniter\Database\BaseConnection->query('SELECT *
FROM `students`', [], false)
 3 SYSTEMPATH\Model.php(237): CodeIgniter\Database\BaseBuilder->get()
 4 SYSTEMPATH\BaseModel.php(624): CodeIgniter\Model->doFindAll(0, 0)
 5 APPPATH\Controllers\MainController.php(18): CodeIgniter\BaseModel->findAll()
 6 SYSTEMPATH\CodeIgniter.php(919): App\Controllers\MainController->test()
 7 SYSTEMPATH\CodeIgniter.php(494): CodeIgniter\CodeIgniter->runController(Object(App\Controllers\MainController))
 8 SYSTEMPATH\CodeIgniter.php(353): CodeIgniter\CodeIgniter->handleRequest(null, Object(Config\Cache), false)
 9 FCPATH\index.php(79): CodeIgniter\CodeIgniter->run()
10 SYSTEMPATH\Commands\Server\rewrite.php(47): require_once('C:\\laragon\\www\\3f2\\public\\index.php')
CRITICAL - 2023-09-13 12:33:15 --> syntax error, unexpected token "=>", expecting "]"
in APPPATH\Controllers\MainController.php on line 30.
 1 SYSTEMPATH\Autoloader\Autoloader.php(285): CodeIgniter\Autoloader\Autoloader->includeFile('C:\\laragon\\www\\3f2\\app\\Controllers\\MainController.php')
 2 SYSTEMPATH\Autoloader\Autoloader.php(263): CodeIgniter\Autoloader\Autoloader->loadInNamespace('App\\Controllers\\MainController')
 3 [internal function]: CodeIgniter\Autoloader\Autoloader->loadClass('App\\Controllers\\MainController')
 4 SYSTEMPATH\CodeIgniter.php(877): class_exists('\\App\\Controllers\\MainController', true)
 5 SYSTEMPATH\CodeIgniter.php(481): CodeIgniter\CodeIgniter->startController()
 6 SYSTEMPATH\CodeIgniter.php(353): CodeIgniter\CodeIgniter->handleRequest(null, Object(Config\Cache), false)
 7 FCPATH\index.php(79): CodeIgniter\CodeIgniter->run()
 8 SYSTEMPATH\Commands\Server\rewrite.php(47): require_once('C:\\laragon\\www\\3f2\\public\\index.php')
CRITICAL - 2023-09-13 12:34:11 --> syntax error, unexpected token "=>", expecting "]"
in APPPATH\Controllers\MainController.php on line 30.
 1 SYSTEMPATH\Autoloader\Autoloader.php(285): CodeIgniter\Autoloader\Autoloader->includeFile('C:\\laragon\\www\\3f2\\app\\Controllers\\MainController.php')
 2 SYSTEMPATH\Autoloader\Autoloader.php(263): CodeIgniter\Autoloader\Autoloader->loadInNamespace('App\\Controllers\\MainController')
 3 [internal function]: CodeIgniter\Autoloader\Autoloader->loadClass('App\\Controllers\\MainController')
 4 SYSTEMPATH\CodeIgniter.php(877): class_exists('\\App\\Controllers\\MainController', true)
 5 SYSTEMPATH\CodeIgniter.php(481): CodeIgniter\CodeIgniter->startController()
 6 SYSTEMPATH\CodeIgniter.php(353): CodeIgniter\CodeIgniter->handleRequest(null, Object(Config\Cache), false)
 7 FCPATH\index.php(79): CodeIgniter\CodeIgniter->run()
 8 SYSTEMPATH\Commands\Server\rewrite.php(47): require_once('C:\\laragon\\www\\3f2\\public\\index.php')
CRITICAL - 2023-09-13 12:35:18 --> syntax error, unexpected token "=>", expecting "]"
in APPPATH\Controllers\MainController.php on line 30.
 1 SYSTEMPATH\Autoloader\Autoloader.php(285): CodeIgniter\Autoloader\Autoloader->includeFile('C:\\laragon\\www\\3f2\\app\\Controllers\\MainController.php')
 2 SYSTEMPATH\Autoloader\Autoloader.php(263): CodeIgniter\Autoloader\Autoloader->loadInNamespace('App\\Controllers\\MainController')
 3 [internal function]: CodeIgniter\Autoloader\Autoloader->loadClass('App\\Controllers\\MainController')
 4 SYSTEMPATH\CodeIgniter.php(877): class_exists('\\App\\Controllers\\MainController', true)
 5 SYSTEMPATH\CodeIgniter.php(481): CodeIgniter\CodeIgniter->startController()
 6 SYSTEMPATH\CodeIgniter.php(353): CodeIgniter\CodeIgniter->handleRequest(null, Object(Config\Cache), false)
 7 FCPATH\index.php(79): CodeIgniter\CodeIgniter->run()
 8 SYSTEMPATH\Commands\Server\rewrite.php(47): require_once('C:\\laragon\\www\\3f2\\public\\index.php')
CRITICAL - 2023-09-13 12:35:49 --> syntax error, unexpected token ";", expecting "]"
in APPPATH\Controllers\MainController.php on line 30.
 1 SYSTEMPATH\Autoloader\Autoloader.php(285): CodeIgniter\Autoloader\Autoloader->includeFile('C:\\laragon\\www\\3f2\\app\\Controllers\\MainController.php')
 2 SYSTEMPATH\Autoloader\Autoloader.php(263): CodeIgniter\Autoloader\Autoloader->loadInNamespace('App\\Controllers\\MainController')
 3 [internal function]: CodeIgniter\Autoloader\Autoloader->loadClass('App\\Controllers\\MainController')
 4 SYSTEMPATH\CodeIgniter.php(877): class_exists('\\App\\Controllers\\MainController', true)
 5 SYSTEMPATH\CodeIgniter.php(481): CodeIgniter\CodeIgniter->startController()
 6 SYSTEMPATH\CodeIgniter.php(353): CodeIgniter\CodeIgniter->handleRequest(null, Object(Config\Cache), false)
 7 FCPATH\index.php(79): CodeIgniter\CodeIgniter->run()
 8 SYSTEMPATH\Commands\Server\rewrite.php(47): require_once('C:\\laragon\\www\\3f2\\public\\index.php')
CRITICAL - 2023-09-13 12:48:46 --> syntax error, unexpected token ";", expecting "]"
in APPPATH\Controllers\MainController.php on line 25.
 1 SYSTEMPATH\Autoloader\Autoloader.php(285): CodeIgniter\Autoloader\Autoloader->includeFile('C:\\laragon\\www\\3f2\\app\\Controllers\\MainController.php')
 2 SYSTEMPATH\Autoloader\Autoloader.php(263): CodeIgniter\Autoloader\Autoloader->loadInNamespace('App\\Controllers\\MainController')
 3 [internal function]: CodeIgniter\Autoloader\Autoloader->loadClass('App\\Controllers\\MainController')
 4 SYSTEMPATH\CodeIgniter.php(877): class_exists('\\App\\Controllers\\MainController', true)
 5 SYSTEMPATH\CodeIgniter.php(481): CodeIgniter\CodeIgniter->startController()
 6 SYSTEMPATH\CodeIgniter.php(353): CodeIgniter\CodeIgniter->handleRequest(null, Object(Config\Cache), false)
 7 FCPATH\index.php(79): CodeIgniter\CodeIgniter->run()
 8 SYSTEMPATH\Commands\Server\rewrite.php(47): require_once('C:\\laragon\\www\\3f2\\public\\index.php')
CRITICAL - 2023-09-13 12:51:05 --> syntax error, unexpected token ";", expecting "]"
in APPPATH\Controllers\MainController.php on line 25.
 1 SYSTEMPATH\Autoloader\Autoloader.php(285): CodeIgniter\Autoloader\Autoloader->includeFile('C:\\laragon\\www\\3f2\\app\\Controllers\\MainController.php')
 2 SYSTEMPATH\Autoloader\Autoloader.php(263): CodeIgniter\Autoloader\Autoloader->loadInNamespace('App\\Controllers\\MainController')
 3 [internal function]: CodeIgniter\Autoloader\Autoloader->loadClass('App\\Controllers\\MainController')
 4 SYSTEMPATH\CodeIgniter.php(877): class_exists('\\App\\Controllers\\MainController', true)
 5 SYSTEMPATH\CodeIgniter.php(481): CodeIgniter\CodeIgniter->startController()
 6 SYSTEMPATH\CodeIgniter.php(353): CodeIgniter\CodeIgniter->handleRequest(null, Object(Config\Cache), false)
 7 FCPATH\index.php(79): CodeIgniter\CodeIgniter->run()
 8 SYSTEMPATH\Commands\Server\rewrite.php(47): require_once('C:\\laragon\\www\\3f2\\public\\index.php')
CRITICAL - 2023-09-13 12:51:41 --> syntax error, unexpected token ";", expecting "]"
in APPPATH\Controllers\MainController.php on line 25.
 1 SYSTEMPATH\Autoloader\Autoloader.php(285): CodeIgniter\Autoloader\Autoloader->includeFile('C:\\laragon\\www\\3f2\\app\\Controllers\\MainController.php')
 2 SYSTEMPATH\Autoloader\Autoloader.php(263): CodeIgniter\Autoloader\Autoloader->loadInNamespace('App\\Controllers\\MainController')
 3 [internal function]: CodeIgniter\Autoloader\Autoloader->loadClass('App\\Controllers\\MainController')
 4 SYSTEMPATH\CodeIgniter.php(877): class_exists('\\App\\Controllers\\MainController', true)
 5 SYSTEMPATH\CodeIgniter.php(481): CodeIgniter\CodeIgniter->startController()
 6 SYSTEMPATH\CodeIgniter.php(353): CodeIgniter\CodeIgniter->handleRequest(null, Object(Config\Cache), false)
 7 FCPATH\index.php(79): CodeIgniter\CodeIgniter->run()
 8 SYSTEMPATH\Commands\Server\rewrite.php(47): require_once('C:\\laragon\\www\\3f2\\public\\index.php')
CRITICAL - 2023-09-13 12:52:19 --> Undefined variable $ee
in APPPATH\Views\main.php on line 12.
 1 APPPATH\Views\main.php(12): CodeIgniter\Debug\Exceptions->errorHandler(2, 'Undefined variable $ee', 'C:\\laragon\\www\\3f2\\app\\Views\\main.php', 12)
 2 SYSTEMPATH\View\View.php(226): include('C:\\laragon\\www\\3f2\\app\\Views\\main.php')
 3 SYSTEMPATH\View\View.php(229): CodeIgniter\View\View->CodeIgniter\View\{closure}()
 4 SYSTEMPATH\Common.php(1188): CodeIgniter\View\View->render('main', [], true)
 5 APPPATH\Controllers\MainController.php(37): view('main', [...])
 6 SYSTEMPATH\CodeIgniter.php(919): App\Controllers\MainController->test()
 7 SYSTEMPATH\CodeIgniter.php(494): CodeIgniter\CodeIgniter->runController(Object(App\Controllers\MainController))
 8 SYSTEMPATH\CodeIgniter.php(353): CodeIgniter\CodeIgniter->handleRequest(null, Object(Config\Cache), false)
 9 FCPATH\index.php(79): CodeIgniter\CodeIgniter->run()
10 SYSTEMPATH\Commands\Server\rewrite.php(47): require_once('C:\\laragon\\www\\3f2\\public\\index.php')
CRITICAL - 2023-09-13 13:07:21 --> Undefined variable $main
in APPPATH\Controllers\MainController.php on line 33.
 1 APPPATH\Controllers\MainController.php(33): CodeIgniter\Debug\Exceptions->errorHandler(2, 'Undefined variable $main', 'C:\\laragon\\www\\3f2\\app\\Controllers\\MainController.php', 33)
 2 SYSTEMPATH\CodeIgniter.php(919): App\Controllers\MainController->test()
 3 SYSTEMPATH\CodeIgniter.php(494): CodeIgniter\CodeIgniter->runController(Object(App\Controllers\MainController))
 4 SYSTEMPATH\CodeIgniter.php(353): CodeIgniter\CodeIgniter->handleRequest(null, Object(Config\Cache), false)
 5 FCPATH\index.php(79): CodeIgniter\CodeIgniter->run()
 6 SYSTEMPATH\Commands\Server\rewrite.php(47): require_once('C:\\laragon\\www\\3f2\\public\\index.php')
CRITICAL - 2023-09-13 13:07:24 --> Undefined variable $main
in APPPATH\Controllers\MainController.php on line 33.
 1 APPPATH\Controllers\MainController.php(33): CodeIgniter\Debug\Exceptions->errorHandler(2, 'Undefined variable $main', 'C:\\laragon\\www\\3f2\\app\\Controllers\\MainController.php', 33)
 2 SYSTEMPATH\CodeIgniter.php(919): App\Controllers\MainController->test()
 3 SYSTEMPATH\CodeIgniter.php(494): CodeIgniter\CodeIgniter->runController(Object(App\Controllers\MainController))
 4 SYSTEMPATH\CodeIgniter.php(353): CodeIgniter\CodeIgniter->handleRequest(null, Object(Config\Cache), false)
 5 FCPATH\index.php(79): CodeIgniter\CodeIgniter->run()
 6 SYSTEMPATH\Commands\Server\rewrite.php(47): require_once('C:\\laragon\\www\\3f2\\public\\index.php')
