CRITICAL - 2023-09-25 01:50:43 --> Undefined variable $playlist_records
in APPPATH\Views\include\playlist_modal.php on line 32.
 1 APPPATH\Views\include\playlist_modal.php(32): CodeIgniter\Debug\Exceptions->errorHandler(2, 'Undefined variable $playlist_records', 'C:\\laragon\\www\\Lab2\\app\\Views\\include\\playlist_modal.php', 32)
 2 APPPATH\Views\main.php(8): include('C:\\laragon\\www\\Lab2\\app\\Views\\include\\playlist_modal.php')
 3 SYSTEMPATH\View\View.php(226): include('C:\\laragon\\www\\Lab2\\app\\Views\\main.php')
 4 SYSTEMPATH\View\View.php(229): CodeIgniter\View\View->CodeIgniter\View\{closure}()
 5 SYSTEMPATH\Common.php(1188): CodeIgniter\View\View->render('main', [], true)
 6 APPPATH\Controllers\MusicController.php(36): view('main', [...])
 7 SYSTEMPATH\CodeIgniter.php(919): App\Controllers\MusicController->main()
 8 SYSTEMPATH\CodeIgniter.php(494): CodeIgniter\CodeIgniter->runController(Object(App\Controllers\MusicController))
 9 SYSTEMPATH\CodeIgniter.php(353): CodeIgniter\CodeIgniter->handleRequest(null, Object(Config\Cache), false)
10 FCPATH\index.php(79): CodeIgniter\CodeIgniter->run()
11 SYSTEMPATH\Commands\Server\rewrite.php(47): require_once('C:\\laragon\\www\\Lab2\\public\\index.php')
CRITICAL - 2023-09-25 02:08:59 --> Undefined variable $playlist_records
in APPPATH\Views\include\playlist_modal.php on line 32.
 1 APPPATH\Views\include\playlist_modal.php(32): CodeIgniter\Debug\Exceptions->errorHandler(2, 'Undefined variable $playlist_records', 'C:\\laragon\\www\\Lab2\\app\\Views\\include\\playlist_modal.php', 32)
 2 APPPATH\Views\main.php(8): include('C:\\laragon\\www\\Lab2\\app\\Views\\include\\playlist_modal.php')
 3 SYSTEMPATH\View\View.php(226): include('C:\\laragon\\www\\Lab2\\app\\Views\\main.php')
 4 SYSTEMPATH\View\View.php(229): CodeIgniter\View\View->CodeIgniter\View\{closure}()
 5 SYSTEMPATH\Common.php(1188): CodeIgniter\View\View->render('main', [], true)
 6 APPPATH\Controllers\MusicController.php(36): view('main', [...])
 7 SYSTEMPATH\CodeIgniter.php(919): App\Controllers\MusicController->main()
 8 SYSTEMPATH\CodeIgniter.php(494): CodeIgniter\CodeIgniter->runController(Object(App\Controllers\MusicController))
 9 SYSTEMPATH\CodeIgniter.php(353): CodeIgniter\CodeIgniter->handleRequest(null, Object(Config\Cache), false)
10 FCPATH\index.php(79): CodeIgniter\CodeIgniter->run()
11 SYSTEMPATH\Commands\Server\rewrite.php(47): require_once('C:\\laragon\\www\\Lab2\\public\\index.php')
CRITICAL - 2023-09-25 02:11:16 --> Undefined variable $playlist_records
in APPPATH\Views\include\playlist_modal.php on line 32.
 1 APPPATH\Views\include\playlist_modal.php(32): CodeIgniter\Debug\Exceptions->errorHandler(2, 'Undefined variable $playlist_records', 'C:\\laragon\\www\\Lab2\\app\\Views\\include\\playlist_modal.php', 32)
 2 APPPATH\Views\main.php(8): include('C:\\laragon\\www\\Lab2\\app\\Views\\include\\playlist_modal.php')
 3 SYSTEMPATH\View\View.php(226): include('C:\\laragon\\www\\Lab2\\app\\Views\\main.php')
 4 SYSTEMPATH\View\View.php(229): CodeIgniter\View\View->CodeIgniter\View\{closure}()
 5 SYSTEMPATH\Common.php(1188): CodeIgniter\View\View->render('main', [], true)
 6 APPPATH\Controllers\MusicController.php(36): view('main', [...])
 7 SYSTEMPATH\CodeIgniter.php(919): App\Controllers\MusicController->main()
 8 SYSTEMPATH\CodeIgniter.php(494): CodeIgniter\CodeIgniter->runController(Object(App\Controllers\MusicController))
 9 SYSTEMPATH\CodeIgniter.php(353): CodeIgniter\CodeIgniter->handleRequest(null, Object(Config\Cache), false)
10 FCPATH\index.php(79): CodeIgniter\CodeIgniter->run()
11 SYSTEMPATH\Commands\Server\rewrite.php(47): require_once('C:\\laragon\\www\\Lab2\\public\\index.php')
CRITICAL - 2023-09-25 02:13:08 --> Undefined variable $playlist_name
in APPPATH\Views\include\playlist_modal.php on line 32.
 1 APPPATH\Views\include\playlist_modal.php(32): CodeIgniter\Debug\Exceptions->errorHandler(2, 'Undefined variable $playlist_name', 'C:\\laragon\\www\\Lab2\\app\\Views\\include\\playlist_modal.php', 32)
 2 APPPATH\Views\main.php(8): include('C:\\laragon\\www\\Lab2\\app\\Views\\include\\playlist_modal.php')
 3 SYSTEMPATH\View\View.php(226): include('C:\\laragon\\www\\Lab2\\app\\Views\\main.php')
 4 SYSTEMPATH\View\View.php(229): CodeIgniter\View\View->CodeIgniter\View\{closure}()
 5 SYSTEMPATH\Common.php(1188): CodeIgniter\View\View->render('main', [], true)
 6 APPPATH\Controllers\MusicController.php(36): view('main', [...])
 7 SYSTEMPATH\CodeIgniter.php(919): App\Controllers\MusicController->main()
 8 SYSTEMPATH\CodeIgniter.php(494): CodeIgniter\CodeIgniter->runController(Object(App\Controllers\MusicController))
 9 SYSTEMPATH\CodeIgniter.php(353): CodeIgniter\CodeIgniter->handleRequest(null, Object(Config\Cache), false)
10 FCPATH\index.php(79): CodeIgniter\CodeIgniter->run()
11 SYSTEMPATH\Commands\Server\rewrite.php(47): require_once('C:\\laragon\\www\\Lab2\\public\\index.php')
CRITICAL - 2023-09-25 02:14:19 --> Undefined array key "name"
in APPPATH\Views\include\playlist_modal.php on line 32.
 1 APPPATH\Views\include\playlist_modal.php(32): CodeIgniter\Debug\Exceptions->errorHandler(2, 'Undefined array key "name"', 'C:\\laragon\\www\\Lab2\\app\\Views\\include\\playlist_modal.php', 32)
 2 APPPATH\Views\main.php(8): include('C:\\laragon\\www\\Lab2\\app\\Views\\include\\playlist_modal.php')
 3 SYSTEMPATH\View\View.php(226): include('C:\\laragon\\www\\Lab2\\app\\Views\\main.php')
 4 SYSTEMPATH\View\View.php(229): CodeIgniter\View\View->CodeIgniter\View\{closure}()
 5 SYSTEMPATH\Common.php(1188): CodeIgniter\View\View->render('main', [], true)
 6 APPPATH\Controllers\MusicController.php(36): view('main', [...])
 7 SYSTEMPATH\CodeIgniter.php(919): App\Controllers\MusicController->main()
 8 SYSTEMPATH\CodeIgniter.php(494): CodeIgniter\CodeIgniter->runController(Object(App\Controllers\MusicController))
 9 SYSTEMPATH\CodeIgniter.php(353): CodeIgniter\CodeIgniter->handleRequest(null, Object(Config\Cache), false)
10 FCPATH\index.php(79): CodeIgniter\CodeIgniter->run()
11 SYSTEMPATH\Commands\Server\rewrite.php(47): require_once('C:\\laragon\\www\\Lab2\\public\\index.php')
CRITICAL - 2023-09-25 02:19:23 --> Undefined variable $playlist
in APPPATH\Views\include\playlist_modal.php on line 32.
 1 APPPATH\Views\include\playlist_modal.php(32): CodeIgniter\Debug\Exceptions->errorHandler(2, 'Undefined variable $playlist', 'C:\\laragon\\www\\Lab2\\app\\Views\\include\\playlist_modal.php', 32)
 2 APPPATH\Views\main.php(8): include('C:\\laragon\\www\\Lab2\\app\\Views\\include\\playlist_modal.php')
 3 SYSTEMPATH\View\View.php(226): include('C:\\laragon\\www\\Lab2\\app\\Views\\main.php')
 4 SYSTEMPATH\View\View.php(229): CodeIgniter\View\View->CodeIgniter\View\{closure}()
 5 SYSTEMPATH\Common.php(1188): CodeIgniter\View\View->render('main', [], true)
 6 APPPATH\Controllers\MusicController.php(36): view('main', [...])
 7 SYSTEMPATH\CodeIgniter.php(919): App\Controllers\MusicController->main()
 8 SYSTEMPATH\CodeIgniter.php(494): CodeIgniter\CodeIgniter->runController(Object(App\Controllers\MusicController))
 9 SYSTEMPATH\CodeIgniter.php(353): CodeIgniter\CodeIgniter->handleRequest(null, Object(Config\Cache), false)
10 FCPATH\index.php(79): CodeIgniter\CodeIgniter->run()
11 SYSTEMPATH\Commands\Server\rewrite.php(47): require_once('C:\\laragon\\www\\Lab2\\public\\index.php')
CRITICAL - 2023-09-25 02:19:30 --> Undefined variable $playlist
in APPPATH\Views\include\playlist_modal.php on line 32.
 1 APPPATH\Views\include\playlist_modal.php(32): CodeIgniter\Debug\Exceptions->errorHandler(2, 'Undefined variable $playlist', 'C:\\laragon\\www\\Lab2\\app\\Views\\include\\playlist_modal.php', 32)
 2 APPPATH\Views\main.php(8): include('C:\\laragon\\www\\Lab2\\app\\Views\\include\\playlist_modal.php')
 3 SYSTEMPATH\View\View.php(226): include('C:\\laragon\\www\\Lab2\\app\\Views\\main.php')
 4 SYSTEMPATH\View\View.php(229): CodeIgniter\View\View->CodeIgniter\View\{closure}()
 5 SYSTEMPATH\Common.php(1188): CodeIgniter\View\View->render('main', [], true)
 6 APPPATH\Controllers\MusicController.php(36): view('main', [...])
 7 SYSTEMPATH\CodeIgniter.php(919): App\Controllers\MusicController->main()
 8 SYSTEMPATH\CodeIgniter.php(494): CodeIgniter\CodeIgniter->runController(Object(App\Controllers\MusicController))
 9 SYSTEMPATH\CodeIgniter.php(353): CodeIgniter\CodeIgniter->handleRequest(null, Object(Config\Cache), false)
10 FCPATH\index.php(79): CodeIgniter\CodeIgniter->run()
11 SYSTEMPATH\Commands\Server\rewrite.php(47): require_once('C:\\laragon\\www\\Lab2\\public\\index.php')
CRITICAL - 2023-09-25 02:21:21 --> Undefined variable $playlist_records
in APPPATH\Views\include\playlist_modal.php on line 32.
 1 APPPATH\Views\include\playlist_modal.php(32): CodeIgniter\Debug\Exceptions->errorHandler(2, 'Undefined variable $playlist_records', 'C:\\laragon\\www\\Lab2\\app\\Views\\include\\playlist_modal.php', 32)
 2 APPPATH\Views\main.php(8): include('C:\\laragon\\www\\Lab2\\app\\Views\\include\\playlist_modal.php')
 3 SYSTEMPATH\View\View.php(226): include('C:\\laragon\\www\\Lab2\\app\\Views\\main.php')
 4 SYSTEMPATH\View\View.php(229): CodeIgniter\View\View->CodeIgniter\View\{closure}()
 5 SYSTEMPATH\Common.php(1188): CodeIgniter\View\View->render('main', [], true)
 6 APPPATH\Controllers\MusicController.php(36): view('main', [...])
 7 SYSTEMPATH\CodeIgniter.php(919): App\Controllers\MusicController->main()
 8 SYSTEMPATH\CodeIgniter.php(494): CodeIgniter\CodeIgniter->runController(Object(App\Controllers\MusicController))
 9 SYSTEMPATH\CodeIgniter.php(353): CodeIgniter\CodeIgniter->handleRequest(null, Object(Config\Cache), false)
10 FCPATH\index.php(79): CodeIgniter\CodeIgniter->run()
11 SYSTEMPATH\Commands\Server\rewrite.php(47): require_once('C:\\laragon\\www\\Lab2\\public\\index.php')
CRITICAL - 2023-09-25 02:25:14 --> Class "getID3" not found
in APPPATH\Controllers\MusicController.php on line 46.
 1 SYSTEMPATH\CodeIgniter.php(919): App\Controllers\MusicController->upload()
 2 SYSTEMPATH\CodeIgniter.php(494): CodeIgniter\CodeIgniter->runController(Object(App\Controllers\MusicController))
 3 SYSTEMPATH\CodeIgniter.php(353): CodeIgniter\CodeIgniter->handleRequest(null, Object(Config\Cache), false)
 4 FCPATH\index.php(79): CodeIgniter\CodeIgniter->run()
 5 SYSTEMPATH\Commands\Server\rewrite.php(47): require_once('C:\\laragon\\www\\Lab2\\public\\index.php')
CRITICAL - 2023-09-25 03:09:05 --> Class "App\Models\Playlists" not found
in APPPATH\Controllers\MusicController.php on line 22.
 1 SYSTEMPATH\CodeIgniter.php(891): App\Controllers\MusicController->__construct()
 2 SYSTEMPATH\CodeIgniter.php(485): CodeIgniter\CodeIgniter->createController()
 3 SYSTEMPATH\CodeIgniter.php(353): CodeIgniter\CodeIgniter->handleRequest(null, Object(Config\Cache), false)
 4 FCPATH\index.php(80): CodeIgniter\CodeIgniter->run()
 5 SYSTEMPATH\Commands\Server\rewrite.php(47): require_once('C:\\laragon\\www\\Lab2\\public\\index.php')
CRITICAL - 2023-09-25 03:09:22 --> Undefined variable $playlist_records
in APPPATH\Views\include\playlist_modal.php on line 32.
 1 APPPATH\Views\include\playlist_modal.php(32): CodeIgniter\Debug\Exceptions->errorHandler(2, 'Undefined variable $playlist_records', 'C:\\laragon\\www\\Lab2\\app\\Views\\include\\playlist_modal.php', 32)
 2 APPPATH\Views\main.php(8): include('C:\\laragon\\www\\Lab2\\app\\Views\\include\\playlist_modal.php')
 3 SYSTEMPATH\View\View.php(226): include('C:\\laragon\\www\\Lab2\\app\\Views\\main.php')
 4 SYSTEMPATH\View\View.php(229): CodeIgniter\View\View->CodeIgniter\View\{closure}()
 5 SYSTEMPATH\Common.php(1188): CodeIgniter\View\View->render('main', [], true)
 6 APPPATH\Controllers\MusicController.php(36): view('main', [...])
 7 SYSTEMPATH\CodeIgniter.php(919): App\Controllers\MusicController->main()
 8 SYSTEMPATH\CodeIgniter.php(494): CodeIgniter\CodeIgniter->runController(Object(App\Controllers\MusicController))
 9 SYSTEMPATH\CodeIgniter.php(353): CodeIgniter\CodeIgniter->handleRequest(null, Object(Config\Cache), false)
10 FCPATH\index.php(80): CodeIgniter\CodeIgniter->run()
11 SYSTEMPATH\Commands\Server\rewrite.php(47): require_once('C:\\laragon\\www\\Lab2\\public\\index.php')
CRITICAL - 2023-09-25 03:10:13 --> Undefined variable $playlist_records
in APPPATH\Views\include\playlist_modal.php on line 32.
 1 APPPATH\Views\include\playlist_modal.php(32): CodeIgniter\Debug\Exceptions->errorHandler(2, 'Undefined variable $playlist_records', 'C:\\laragon\\www\\Lab2\\app\\Views\\include\\playlist_modal.php', 32)
 2 APPPATH\Views\main.php(8): include('C:\\laragon\\www\\Lab2\\app\\Views\\include\\playlist_modal.php')
 3 SYSTEMPATH\View\View.php(226): include('C:\\laragon\\www\\Lab2\\app\\Views\\main.php')
 4 SYSTEMPATH\View\View.php(229): CodeIgniter\View\View->CodeIgniter\View\{closure}()
 5 SYSTEMPATH\Common.php(1188): CodeIgniter\View\View->render('main', [], true)
 6 APPPATH\Controllers\MusicController.php(36): view('main', [...])
 7 SYSTEMPATH\CodeIgniter.php(919): App\Controllers\MusicController->main()
 8 SYSTEMPATH\CodeIgniter.php(494): CodeIgniter\CodeIgniter->runController(Object(App\Controllers\MusicController))
 9 SYSTEMPATH\CodeIgniter.php(353): CodeIgniter\CodeIgniter->handleRequest(null, Object(Config\Cache), false)
10 FCPATH\index.php(80): CodeIgniter\CodeIgniter->run()
11 SYSTEMPATH\Commands\Server\rewrite.php(47): require_once('C:\\laragon\\www\\Lab2\\public\\index.php')
CRITICAL - 2023-09-25 03:10:19 --> Undefined variable $playlist
in APPPATH\Views\include\playlist_modal.php on line 32.
 1 APPPATH\Views\include\playlist_modal.php(32): CodeIgniter\Debug\Exceptions->errorHandler(2, 'Undefined variable $playlist', 'C:\\laragon\\www\\Lab2\\app\\Views\\include\\playlist_modal.php', 32)
 2 APPPATH\Views\main.php(8): include('C:\\laragon\\www\\Lab2\\app\\Views\\include\\playlist_modal.php')
 3 SYSTEMPATH\View\View.php(226): include('C:\\laragon\\www\\Lab2\\app\\Views\\main.php')
 4 SYSTEMPATH\View\View.php(229): CodeIgniter\View\View->CodeIgniter\View\{closure}()
 5 SYSTEMPATH\Common.php(1188): CodeIgniter\View\View->render('main', [], true)
 6 APPPATH\Controllers\MusicController.php(36): view('main', [...])
 7 SYSTEMPATH\CodeIgniter.php(919): App\Controllers\MusicController->main()
 8 SYSTEMPATH\CodeIgniter.php(494): CodeIgniter\CodeIgniter->runController(Object(App\Controllers\MusicController))
 9 SYSTEMPATH\CodeIgniter.php(353): CodeIgniter\CodeIgniter->handleRequest(null, Object(Config\Cache), false)
10 FCPATH\index.php(80): CodeIgniter\CodeIgniter->run()
11 SYSTEMPATH\Commands\Server\rewrite.php(47): require_once('C:\\laragon\\www\\Lab2\\public\\index.php')
CRITICAL - 2023-09-25 03:10:22 --> Undefined array key "name"
in APPPATH\Views\include\playlist_modal.php on line 32.
 1 APPPATH\Views\include\playlist_modal.php(32): CodeIgniter\Debug\Exceptions->errorHandler(2, 'Undefined array key "name"', 'C:\\laragon\\www\\Lab2\\app\\Views\\include\\playlist_modal.php', 32)
 2 APPPATH\Views\main.php(8): include('C:\\laragon\\www\\Lab2\\app\\Views\\include\\playlist_modal.php')
 3 SYSTEMPATH\View\View.php(226): include('C:\\laragon\\www\\Lab2\\app\\Views\\main.php')
 4 SYSTEMPATH\View\View.php(229): CodeIgniter\View\View->CodeIgniter\View\{closure}()
 5 SYSTEMPATH\Common.php(1188): CodeIgniter\View\View->render('main', [], true)
 6 APPPATH\Controllers\MusicController.php(36): view('main', [...])
 7 SYSTEMPATH\CodeIgniter.php(919): App\Controllers\MusicController->main()
 8 SYSTEMPATH\CodeIgniter.php(494): CodeIgniter\CodeIgniter->runController(Object(App\Controllers\MusicController))
 9 SYSTEMPATH\CodeIgniter.php(353): CodeIgniter\CodeIgniter->handleRequest(null, Object(Config\Cache), false)
10 FCPATH\index.php(80): CodeIgniter\CodeIgniter->run()
11 SYSTEMPATH\Commands\Server\rewrite.php(47): require_once('C:\\laragon\\www\\Lab2\\public\\index.php')
CRITICAL - 2023-09-25 03:11:07 --> Class "getID3" not found
in APPPATH\Controllers\MusicController.php on line 46.
 1 SYSTEMPATH\CodeIgniter.php(919): App\Controllers\MusicController->upload()
 2 SYSTEMPATH\CodeIgniter.php(494): CodeIgniter\CodeIgniter->runController(Object(App\Controllers\MusicController))
 3 SYSTEMPATH\CodeIgniter.php(353): CodeIgniter\CodeIgniter->handleRequest(null, Object(Config\Cache), false)
 4 FCPATH\index.php(80): CodeIgniter\CodeIgniter->run()
 5 SYSTEMPATH\Commands\Server\rewrite.php(47): require_once('C:\\laragon\\www\\Lab2\\public\\index.php')
CRITICAL - 2023-09-25 03:13:41 --> Array to string conversion
in APPPATH\Views\include\playlist_modal.php on line 32.
 1 APPPATH\Views\include\playlist_modal.php(32): CodeIgniter\Debug\Exceptions->errorHandler(2, 'Array to string conversion', 'C:\\laragon\\www\\Lab2\\app\\Views\\include\\playlist_modal.php', 32)
 2 APPPATH\Views\main.php(8): include('C:\\laragon\\www\\Lab2\\app\\Views\\include\\playlist_modal.php')
 3 SYSTEMPATH\View\View.php(226): include('C:\\laragon\\www\\Lab2\\app\\Views\\main.php')
 4 SYSTEMPATH\View\View.php(229): CodeIgniter\View\View->CodeIgniter\View\{closure}()
 5 SYSTEMPATH\Common.php(1188): CodeIgniter\View\View->render('main', [], true)
 6 APPPATH\Controllers\MusicController.php(36): view('main', [...])
 7 SYSTEMPATH\CodeIgniter.php(919): App\Controllers\MusicController->main()
 8 SYSTEMPATH\CodeIgniter.php(494): CodeIgniter\CodeIgniter->runController(Object(App\Controllers\MusicController))
 9 SYSTEMPATH\CodeIgniter.php(353): CodeIgniter\CodeIgniter->handleRequest(null, Object(Config\Cache), false)
10 FCPATH\index.php(80): CodeIgniter\CodeIgniter->run()
11 SYSTEMPATH\Commands\Server\rewrite.php(47): require_once('C:\\laragon\\www\\Lab2\\public\\index.php')
CRITICAL - 2023-09-25 03:22:59 --> Class "getID3" not found
in APPPATH\Controllers\MusicController.php on line 46.
 1 SYSTEMPATH\CodeIgniter.php(919): App\Controllers\MusicController->upload()
 2 SYSTEMPATH\CodeIgniter.php(494): CodeIgniter\CodeIgniter->runController(Object(App\Controllers\MusicController))
 3 SYSTEMPATH\CodeIgniter.php(353): CodeIgniter\CodeIgniter->handleRequest(null, Object(Config\Cache), false)
 4 FCPATH\index.php(80): CodeIgniter\CodeIgniter->run()
 5 SYSTEMPATH\Commands\Server\rewrite.php(47): require_once('C:\\laragon\\www\\Lab2\\public\\index.php')
CRITICAL - 2023-09-25 03:23:18 --> Undefined variable $getID3
in APPPATH\Controllers\MusicController.php on line 66.
 1 APPPATH\Controllers\MusicController.php(66): CodeIgniter\Debug\Exceptions->errorHandler(2, 'Undefined variable $getID3', 'C:\\laragon\\www\\Lab2\\app\\Controllers\\MusicController.php', 66)
 2 SYSTEMPATH\CodeIgniter.php(919): App\Controllers\MusicController->upload()
 3 SYSTEMPATH\CodeIgniter.php(494): CodeIgniter\CodeIgniter->runController(Object(App\Controllers\MusicController))
 4 SYSTEMPATH\CodeIgniter.php(353): CodeIgniter\CodeIgniter->handleRequest(null, Object(Config\Cache), false)
 5 FCPATH\index.php(80): CodeIgniter\CodeIgniter->run()
 6 SYSTEMPATH\Commands\Server\rewrite.php(47): require_once('C:\\laragon\\www\\Lab2\\public\\index.php')
CRITICAL - 2023-09-25 05:58:48 --> Class "getID3" not found
in APPPATH\Controllers\MusicController.php on line 46.
 1 SYSTEMPATH\CodeIgniter.php(919): App\Controllers\MusicController->upload()
 2 SYSTEMPATH\CodeIgniter.php(494): CodeIgniter\CodeIgniter->runController(Object(App\Controllers\MusicController))
 3 SYSTEMPATH\CodeIgniter.php(353): CodeIgniter\CodeIgniter->handleRequest(null, Object(Config\Cache), false)
 4 FCPATH\index.php(80): CodeIgniter\CodeIgniter->run()
 5 SYSTEMPATH\Commands\Server\rewrite.php(47): require_once('C:\\laragon\\www\\Lab2\\public\\index.php')
CRITICAL - 2023-09-25 08:39:33 --> Class "getID3" not found
in APPPATH\Controllers\MusicController.php on line 46.
 1 SYSTEMPATH\CodeIgniter.php(919): App\Controllers\MusicController->upload()
 2 SYSTEMPATH\CodeIgniter.php(494): CodeIgniter\CodeIgniter->runController(Object(App\Controllers\MusicController))
 3 SYSTEMPATH\CodeIgniter.php(353): CodeIgniter\CodeIgniter->handleRequest(null, Object(Config\Cache), false)
 4 FCPATH\index.php(80): CodeIgniter\CodeIgniter->run()
 5 SYSTEMPATH\Commands\Server\rewrite.php(47): require_once('C:\\laragon\\www\\Lab2\\public\\index.php')
CRITICAL - 2023-09-25 14:27:29 --> Class "getID3" not found
in APPPATH\Controllers\MusicController.php on line 46.
 1 SYSTEMPATH\CodeIgniter.php(919): App\Controllers\MusicController->upload()
 2 SYSTEMPATH\CodeIgniter.php(494): CodeIgniter\CodeIgniter->runController(Object(App\Controllers\MusicController))
 3 SYSTEMPATH\CodeIgniter.php(353): CodeIgniter\CodeIgniter->handleRequest(null, Object(Config\Cache), false)
 4 FCPATH\index.php(80): CodeIgniter\CodeIgniter->run()
 5 SYSTEMPATH\Commands\Server\rewrite.php(47): require_once('C:\\laragon\\www\\Lab2\\public\\index.php')
CRITICAL - 2023-09-25 14:33:45 --> require_once(C:\laragon\www\Lab2\app\ThirdParty\getID3): Failed to open stream: Permission denied
in APPPATH\Controllers\MusicController.php on line 46.
 1 APPPATH\Controllers\MusicController.php(46): CodeIgniter\Debug\Exceptions->errorHandler(2, 'require_once(C:\\laragon\\www\\Lab2\\app\\ThirdParty\\getID3): Failed to open stream: Permission denied', 'C:\\laragon\\www\\Lab2\\app\\Controllers\\MusicController.php', 46)
 2 APPPATH\Controllers\MusicController.php(46): require_once()
 3 SYSTEMPATH\CodeIgniter.php(919): App\Controllers\MusicController->upload()
 4 SYSTEMPATH\CodeIgniter.php(494): CodeIgniter\CodeIgniter->runController(Object(App\Controllers\MusicController))
 5 SYSTEMPATH\CodeIgniter.php(353): CodeIgniter\CodeIgniter->handleRequest(null, Object(Config\Cache), false)
 6 FCPATH\index.php(80): CodeIgniter\CodeIgniter->run()
 7 SYSTEMPATH\Commands\Server\rewrite.php(47): require_once('C:\\laragon\\www\\Lab2\\public\\index.php')
CRITICAL - 2023-09-25 14:43:18 --> Class "getID3" not found
in APPPATH\Controllers\MusicController.php on line 46.
 1 SYSTEMPATH\CodeIgniter.php(919): App\Controllers\MusicController->upload()
 2 SYSTEMPATH\CodeIgniter.php(494): CodeIgniter\CodeIgniter->runController(Object(App\Controllers\MusicController))
 3 SYSTEMPATH\CodeIgniter.php(353): CodeIgniter\CodeIgniter->handleRequest(null, Object(Config\Cache), false)
 4 FCPATH\index.php(80): CodeIgniter\CodeIgniter->run()
 5 SYSTEMPATH\Commands\Server\rewrite.php(47): require_once('C:\\laragon\\www\\Lab2\\public\\index.php')
CRITICAL - 2023-09-25 14:45:13 --> Undefined property: App\Controllers\MusicController::$bridge
in APPPATH\Controllers\MusicController.php on line 135.
 1 APPPATH\Controllers\MusicController.php(135): CodeIgniter\Debug\Exceptions->errorHandler(2, 'Undefined property: App\\Controllers\\MusicController::$bridge', 'C:\\laragon\\www\\Lab2\\app\\Controllers\\MusicController.php', 135)
 2 SYSTEMPATH\CodeIgniter.php(919): App\Controllers\MusicController->delete_playlist('6')
 3 SYSTEMPATH\CodeIgniter.php(494): CodeIgniter\CodeIgniter->runController(Object(App\Controllers\MusicController))
 4 SYSTEMPATH\CodeIgniter.php(353): CodeIgniter\CodeIgniter->handleRequest(null, Object(Config\Cache), false)
 5 FCPATH\index.php(80): CodeIgniter\CodeIgniter->run()
 6 SYSTEMPATH\Commands\Server\rewrite.php(47): require_once('C:\\laragon\\www\\Lab2\\public\\index.php')
CRITICAL - 2023-09-25 14:45:51 --> Undefined property: App\Controllers\MusicController::$bridge
in APPPATH\Controllers\MusicController.php on line 135.
 1 APPPATH\Controllers\MusicController.php(135): CodeIgniter\Debug\Exceptions->errorHandler(2, 'Undefined property: App\\Controllers\\MusicController::$bridge', 'C:\\laragon\\www\\Lab2\\app\\Controllers\\MusicController.php', 135)
 2 SYSTEMPATH\CodeIgniter.php(919): App\Controllers\MusicController->delete_playlist('6')
 3 SYSTEMPATH\CodeIgniter.php(494): CodeIgniter\CodeIgniter->runController(Object(App\Controllers\MusicController))
 4 SYSTEMPATH\CodeIgniter.php(353): CodeIgniter\CodeIgniter->handleRequest(null, Object(Config\Cache), false)
 5 FCPATH\index.php(80): CodeIgniter\CodeIgniter->run()
 6 SYSTEMPATH\Commands\Server\rewrite.php(47): require_once('C:\\laragon\\www\\Lab2\\public\\index.php')
CRITICAL - 2023-09-25 14:51:43 --> Undefined property: App\Controllers\MusicController::$bridge
in APPPATH\Controllers\MusicController.php on line 135.
 1 APPPATH\Controllers\MusicController.php(135): CodeIgniter\Debug\Exceptions->errorHandler(2, 'Undefined property: App\\Controllers\\MusicController::$bridge', 'C:\\laragon\\www\\Lab2\\app\\Controllers\\MusicController.php', 135)
 2 SYSTEMPATH\CodeIgniter.php(919): App\Controllers\MusicController->delete_playlist('6')
 3 SYSTEMPATH\CodeIgniter.php(494): CodeIgniter\CodeIgniter->runController(Object(App\Controllers\MusicController))
 4 SYSTEMPATH\CodeIgniter.php(353): CodeIgniter\CodeIgniter->handleRequest(null, Object(Config\Cache), false)
 5 FCPATH\index.php(80): CodeIgniter\CodeIgniter->run()
 6 SYSTEMPATH\Commands\Server\rewrite.php(47): require_once('C:\\laragon\\www\\Lab2\\public\\index.php')
CRITICAL - 2023-09-25 14:53:36 --> Undefined property: App\Controllers\MusicController::$bridge
in APPPATH\Controllers\MusicController.php on line 135.
 1 APPPATH\Controllers\MusicController.php(135): CodeIgniter\Debug\Exceptions->errorHandler(2, 'Undefined property: App\\Controllers\\MusicController::$bridge', 'C:\\laragon\\www\\Lab2\\app\\Controllers\\MusicController.php', 135)
 2 SYSTEMPATH\CodeIgniter.php(919): App\Controllers\MusicController->delete_playlist('6')
 3 SYSTEMPATH\CodeIgniter.php(494): CodeIgniter\CodeIgniter->runController(Object(App\Controllers\MusicController))
 4 SYSTEMPATH\CodeIgniter.php(353): CodeIgniter\CodeIgniter->handleRequest(null, Object(Config\Cache), false)
 5 FCPATH\index.php(80): CodeIgniter\CodeIgniter->run()
 6 SYSTEMPATH\Commands\Server\rewrite.php(47): require_once('C:\\laragon\\www\\Lab2\\public\\index.php')
CRITICAL - 2023-09-25 23:38:47 --> Undefined array key "id"
in APPPATH\Views\main.php on line 80.
 1 APPPATH\Views\main.php(80): CodeIgniter\Debug\Exceptions->errorHandler(2, 'Undefined array key "id"', 'C:\\laragon\\www\\Lab2\\app\\Views\\main.php', 80)
 2 SYSTEMPATH\View\View.php(226): include('C:\\laragon\\www\\Lab2\\app\\Views\\main.php')
 3 SYSTEMPATH\View\View.php(229): CodeIgniter\View\View->CodeIgniter\View\{closure}()
 4 SYSTEMPATH\Common.php(1188): CodeIgniter\View\View->render('main', [], true)
 5 APPPATH\Controllers\MusicController.php(36): view('main', [...])
 6 SYSTEMPATH\CodeIgniter.php(919): App\Controllers\MusicController->main()
 7 SYSTEMPATH\CodeIgniter.php(494): CodeIgniter\CodeIgniter->runController(Object(App\Controllers\MusicController))
 8 SYSTEMPATH\CodeIgniter.php(353): CodeIgniter\CodeIgniter->handleRequest(null, Object(Config\Cache), false)
 9 FCPATH\index.php(80): CodeIgniter\CodeIgniter->run()
10 SYSTEMPATH\Commands\Server\rewrite.php(47): require_once('C:\\laragon\\www\\Lab2\\public\\index.php')
