CRITICAL - 2023-09-27 11:51:49 --> Undefined variable $playlist
in APPPATH\Views\include\playlist_modal.php on line 12.
 1 APPPATH\Views\include\playlist_modal.php(12): CodeIgniter\Debug\Exceptions->errorHandler(2, 'Undefined variable $playlist', 'C:\\laragon\\www\\oi\\app\\Views\\include\\playlist_modal.php', 12)
 2 APPPATH\Views\main.php(8): include('C:\\laragon\\www\\oi\\app\\Views\\include\\playlist_modal.php')
 3 SYSTEMPATH\View\View.php(226): include('C:\\laragon\\www\\oi\\app\\Views\\main.php')
 4 SYSTEMPATH\View\View.php(229): CodeIgniter\View\View->CodeIgniter\View\{closure}()
 5 SYSTEMPATH\Common.php(1188): CodeIgniter\View\View->render('main', [], true)
 6 APPPATH\Controllers\MusicController.php(36): view('main', [...])
 7 SYSTEMPATH\CodeIgniter.php(919): App\Controllers\MusicController->main()
 8 SYSTEMPATH\CodeIgniter.php(494): CodeIgniter\CodeIgniter->runController(Object(App\Controllers\MusicController))
 9 SYSTEMPATH\CodeIgniter.php(353): CodeIgniter\CodeIgniter->handleRequest(null, Object(Config\Cache), false)
10 FCPATH\index.php(80): CodeIgniter\CodeIgniter->run()
11 SYSTEMPATH\Commands\Server\rewrite.php(47): require_once('C:\\laragon\\www\\oi\\public\\index.php')
CRITICAL - 2023-09-27 12:01:13 --> Class "App\Models\Subaybayan" not found
in APPPATH\Controllers\MusicController.php on line 23.
 1 SYSTEMPATH\CodeIgniter.php(891): App\Controllers\MusicController->__construct()
 2 SYSTEMPATH\CodeIgniter.php(485): CodeIgniter\CodeIgniter->createController()
 3 SYSTEMPATH\CodeIgniter.php(353): CodeIgniter\CodeIgniter->handleRequest(null, Object(Config\Cache), false)
 4 FCPATH\index.php(80): CodeIgniter\CodeIgniter->run()
 5 SYSTEMPATH\Commands\Server\rewrite.php(47): require_once('C:\\laragon\\www\\oi\\public\\index.php')
ERROR - 2023-09-27 12:15:52 --> mysqli_sql_exception: Cannot add or update a child row: a foreign key constraint fails (`po`.`subaybayan`, CONSTRAINT `subaybayan_ibfk_2` FOREIGN KEY (`musika_id`) REFERENCES `musika` (`musika_id`)) in C:\laragon\www\oi\system\Database\MySQLi\Connection.php:306
Stack trace:
#0 C:\laragon\www\oi\system\Database\MySQLi\Connection.php(306): mysqli->query('INSERT INTO `su...', 0)
#1 C:\laragon\www\oi\system\Database\BaseConnection.php(692): CodeIgniter\Database\MySQLi\Connection->execute('INSERT INTO `su...')
#2 C:\laragon\www\oi\system\Database\BaseConnection.php(606): CodeIgniter\Database\BaseConnection->simpleQuery('INSERT INTO `su...')
#3 C:\laragon\www\oi\system\Database\BaseBuilder.php(2308): CodeIgniter\Database\BaseConnection->query('INSERT INTO `su...', Array, false)
#4 C:\laragon\www\oi\system\Model.php(319): CodeIgniter\Database\BaseBuilder->insert()
#5 C:\laragon\www\oi\system\BaseModel.php(788): CodeIgniter\Model->doInsert(Array)
#6 C:\laragon\www\oi\system\Model.php(715): CodeIgniter\BaseModel->insert(Array, true)
#7 C:\laragon\www\oi\app\Controllers\MusicController.php(93): CodeIgniter\Model->insert(Array)
#8 C:\laragon\www\oi\system\CodeIgniter.php(919): App\Controllers\MusicController->addToPlaylist()
#9 C:\laragon\www\oi\system\CodeIgniter.php(494): CodeIgniter\CodeIgniter->runController(Object(App\Controllers\MusicController))
#10 C:\laragon\www\oi\system\CodeIgniter.php(353): CodeIgniter\CodeIgniter->handleRequest(NULL, Object(Config\Cache), false)
#11 C:\laragon\www\oi\public\index.php(80): CodeIgniter\CodeIgniter->run()
#12 C:\laragon\www\oi\system\Commands\Server\rewrite.php(47): require_once('C:\\laragon\\www\\...')
#13 {main}
CRITICAL - 2023-09-27 12:15:52 --> Cannot add or update a child row: a foreign key constraint fails (`po`.`subaybayan`, CONSTRAINT `subaybayan_ibfk_2` FOREIGN KEY (`musika_id`) REFERENCES `musika` (`musika_id`))
in SYSTEMPATH\Database\BaseConnection.php on line 646.
 1 SYSTEMPATH\Database\BaseBuilder.php(2308): CodeIgniter\Database\BaseConnection->query('INSERT INTO `subaybayan` (`playlist_id`, `musika_id`) VALUES (:playlist_id:, :musika_id:)', [...], false)
 2 SYSTEMPATH\Model.php(319): CodeIgniter\Database\BaseBuilder->insert()
 3 SYSTEMPATH\BaseModel.php(788): CodeIgniter\Model->doInsert([...])
 4 SYSTEMPATH\Model.php(715): CodeIgniter\BaseModel->insert([...], true)
 5 APPPATH\Controllers\MusicController.php(93): CodeIgniter\Model->insert([...])
 6 SYSTEMPATH\CodeIgniter.php(919): App\Controllers\MusicController->addToPlaylist()
 7 SYSTEMPATH\CodeIgniter.php(494): CodeIgniter\CodeIgniter->runController(Object(App\Controllers\MusicController))
 8 SYSTEMPATH\CodeIgniter.php(353): CodeIgniter\CodeIgniter->handleRequest(null, Object(Config\Cache), false)
 9 FCPATH\index.php(80): CodeIgniter\CodeIgniter->run()
10 SYSTEMPATH\Commands\Server\rewrite.php(47): require_once('C:\\laragon\\www\\oi\\public\\index.php')
ERROR - 2023-09-27 12:29:25 --> mysqli_sql_exception: Cannot add or update a child row: a foreign key constraint fails (`po`.`subaybayan`, CONSTRAINT `subaybayan_ibfk_2` FOREIGN KEY (`musika_id`) REFERENCES `musika` (`musika_id`)) in C:\laragon\www\oi\system\Database\MySQLi\Connection.php:306
Stack trace:
#0 C:\laragon\www\oi\system\Database\MySQLi\Connection.php(306): mysqli->query('INSERT INTO `su...', 0)
#1 C:\laragon\www\oi\system\Database\BaseConnection.php(692): CodeIgniter\Database\MySQLi\Connection->execute('INSERT INTO `su...')
#2 C:\laragon\www\oi\system\Database\BaseConnection.php(606): CodeIgniter\Database\BaseConnection->simpleQuery('INSERT INTO `su...')
#3 C:\laragon\www\oi\system\Database\BaseBuilder.php(2308): CodeIgniter\Database\BaseConnection->query('INSERT INTO `su...', Array, false)
#4 C:\laragon\www\oi\system\Model.php(319): CodeIgniter\Database\BaseBuilder->insert()
#5 C:\laragon\www\oi\system\BaseModel.php(788): CodeIgniter\Model->doInsert(Array)
#6 C:\laragon\www\oi\system\Model.php(715): CodeIgniter\BaseModel->insert(Array, true)
#7 C:\laragon\www\oi\app\Controllers\MusicController.php(93): CodeIgniter\Model->insert(Array)
#8 C:\laragon\www\oi\system\CodeIgniter.php(919): App\Controllers\MusicController->addToPlaylist()
#9 C:\laragon\www\oi\system\CodeIgniter.php(494): CodeIgniter\CodeIgniter->runController(Object(App\Controllers\MusicController))
#10 C:\laragon\www\oi\system\CodeIgniter.php(353): CodeIgniter\CodeIgniter->handleRequest(NULL, Object(Config\Cache), false)
#11 C:\laragon\www\oi\public\index.php(80): CodeIgniter\CodeIgniter->run()
#12 C:\laragon\www\oi\system\Commands\Server\rewrite.php(47): require_once('C:\\laragon\\www\\...')
#13 {main}
CRITICAL - 2023-09-27 12:29:25 --> Cannot add or update a child row: a foreign key constraint fails (`po`.`subaybayan`, CONSTRAINT `subaybayan_ibfk_2` FOREIGN KEY (`musika_id`) REFERENCES `musika` (`musika_id`))
in SYSTEMPATH\Database\BaseConnection.php on line 646.
 1 SYSTEMPATH\Database\BaseBuilder.php(2308): CodeIgniter\Database\BaseConnection->query('INSERT INTO `subaybayan` (`playlist_id`, `musika_id`) VALUES (:playlist_id:, :musika_id:)', [...], false)
 2 SYSTEMPATH\Model.php(319): CodeIgniter\Database\BaseBuilder->insert()
 3 SYSTEMPATH\BaseModel.php(788): CodeIgniter\Model->doInsert([...])
 4 SYSTEMPATH\Model.php(715): CodeIgniter\BaseModel->insert([...], true)
 5 APPPATH\Controllers\MusicController.php(93): CodeIgniter\Model->insert([...])
 6 SYSTEMPATH\CodeIgniter.php(919): App\Controllers\MusicController->addToPlaylist()
 7 SYSTEMPATH\CodeIgniter.php(494): CodeIgniter\CodeIgniter->runController(Object(App\Controllers\MusicController))
 8 SYSTEMPATH\CodeIgniter.php(353): CodeIgniter\CodeIgniter->handleRequest(null, Object(Config\Cache), false)
 9 FCPATH\index.php(80): CodeIgniter\CodeIgniter->run()
10 SYSTEMPATH\Commands\Server\rewrite.php(47): require_once('C:\\laragon\\www\\oi\\public\\index.php')
ERROR - 2023-09-27 12:33:05 --> mysqli_sql_exception: Cannot add or update a child row: a foreign key constraint fails (`po`.`subaybayan`, CONSTRAINT `subaybayan_ibfk_2` FOREIGN KEY (`musika_id`) REFERENCES `musika` (`musika_id`)) in C:\laragon\www\oi\system\Database\MySQLi\Connection.php:306
Stack trace:
#0 C:\laragon\www\oi\system\Database\MySQLi\Connection.php(306): mysqli->query('INSERT INTO `su...', 0)
#1 C:\laragon\www\oi\system\Database\BaseConnection.php(692): CodeIgniter\Database\MySQLi\Connection->execute('INSERT INTO `su...')
#2 C:\laragon\www\oi\system\Database\BaseConnection.php(606): CodeIgniter\Database\BaseConnection->simpleQuery('INSERT INTO `su...')
#3 C:\laragon\www\oi\system\Database\BaseBuilder.php(2308): CodeIgniter\Database\BaseConnection->query('INSERT INTO `su...', Array, false)
#4 C:\laragon\www\oi\system\Model.php(319): CodeIgniter\Database\BaseBuilder->insert()
#5 C:\laragon\www\oi\system\BaseModel.php(788): CodeIgniter\Model->doInsert(Array)
#6 C:\laragon\www\oi\system\Model.php(715): CodeIgniter\BaseModel->insert(Array, true)
#7 C:\laragon\www\oi\app\Controllers\MusicController.php(93): CodeIgniter\Model->insert(Array)
#8 C:\laragon\www\oi\system\CodeIgniter.php(919): App\Controllers\MusicController->addToPlaylist()
#9 C:\laragon\www\oi\system\CodeIgniter.php(494): CodeIgniter\CodeIgniter->runController(Object(App\Controllers\MusicController))
#10 C:\laragon\www\oi\system\CodeIgniter.php(353): CodeIgniter\CodeIgniter->handleRequest(NULL, Object(Config\Cache), false)
#11 C:\laragon\www\oi\public\index.php(80): CodeIgniter\CodeIgniter->run()
#12 C:\laragon\www\oi\system\Commands\Server\rewrite.php(47): require_once('C:\\laragon\\www\\...')
#13 {main}
CRITICAL - 2023-09-27 12:33:05 --> Cannot add or update a child row: a foreign key constraint fails (`po`.`subaybayan`, CONSTRAINT `subaybayan_ibfk_2` FOREIGN KEY (`musika_id`) REFERENCES `musika` (`musika_id`))
in SYSTEMPATH\Database\BaseConnection.php on line 646.
 1 SYSTEMPATH\Database\BaseBuilder.php(2308): CodeIgniter\Database\BaseConnection->query('INSERT INTO `subaybayan` (`playlist_id`, `musika_id`) VALUES (:playlist_id:, :musika_id:)', [...], false)
 2 SYSTEMPATH\Model.php(319): CodeIgniter\Database\BaseBuilder->insert()
 3 SYSTEMPATH\BaseModel.php(788): CodeIgniter\Model->doInsert([...])
 4 SYSTEMPATH\Model.php(715): CodeIgniter\BaseModel->insert([...], true)
 5 APPPATH\Controllers\MusicController.php(93): CodeIgniter\Model->insert([...])
 6 SYSTEMPATH\CodeIgniter.php(919): App\Controllers\MusicController->addToPlaylist()
 7 SYSTEMPATH\CodeIgniter.php(494): CodeIgniter\CodeIgniter->runController(Object(App\Controllers\MusicController))
 8 SYSTEMPATH\CodeIgniter.php(353): CodeIgniter\CodeIgniter->handleRequest(null, Object(Config\Cache), false)
 9 FCPATH\index.php(80): CodeIgniter\CodeIgniter->run()
10 SYSTEMPATH\Commands\Server\rewrite.php(47): require_once('C:\\laragon\\www\\oi\\public\\index.php')
ERROR - 2023-09-27 12:41:30 --> mysqli_sql_exception: Cannot add or update a child row: a foreign key constraint fails (`po`.`subaybayan`, CONSTRAINT `subaybayan_ibfk_2` FOREIGN KEY (`musika_id`) REFERENCES `musika` (`musika_id`)) in C:\laragon\www\oi\system\Database\MySQLi\Connection.php:306
Stack trace:
#0 C:\laragon\www\oi\system\Database\MySQLi\Connection.php(306): mysqli->query('INSERT INTO `su...', 0)
#1 C:\laragon\www\oi\system\Database\BaseConnection.php(692): CodeIgniter\Database\MySQLi\Connection->execute('INSERT INTO `su...')
#2 C:\laragon\www\oi\system\Database\BaseConnection.php(606): CodeIgniter\Database\BaseConnection->simpleQuery('INSERT INTO `su...')
#3 C:\laragon\www\oi\system\Database\BaseBuilder.php(2308): CodeIgniter\Database\BaseConnection->query('INSERT INTO `su...', Array, false)
#4 C:\laragon\www\oi\system\Model.php(319): CodeIgniter\Database\BaseBuilder->insert()
#5 C:\laragon\www\oi\system\BaseModel.php(788): CodeIgniter\Model->doInsert(Array)
#6 C:\laragon\www\oi\system\Model.php(715): CodeIgniter\BaseModel->insert(Array, true)
#7 C:\laragon\www\oi\app\Controllers\MusicController.php(93): CodeIgniter\Model->insert(Array)
#8 C:\laragon\www\oi\system\CodeIgniter.php(919): App\Controllers\MusicController->addToPlaylist()
#9 C:\laragon\www\oi\system\CodeIgniter.php(494): CodeIgniter\CodeIgniter->runController(Object(App\Controllers\MusicController))
#10 C:\laragon\www\oi\system\CodeIgniter.php(353): CodeIgniter\CodeIgniter->handleRequest(NULL, Object(Config\Cache), false)
#11 C:\laragon\www\oi\public\index.php(80): CodeIgniter\CodeIgniter->run()
#12 C:\laragon\www\oi\system\Commands\Server\rewrite.php(47): require_once('C:\\laragon\\www\\...')
#13 {main}
CRITICAL - 2023-09-27 12:41:30 --> Cannot add or update a child row: a foreign key constraint fails (`po`.`subaybayan`, CONSTRAINT `subaybayan_ibfk_2` FOREIGN KEY (`musika_id`) REFERENCES `musika` (`musika_id`))
in SYSTEMPATH\Database\BaseConnection.php on line 646.
 1 SYSTEMPATH\Database\BaseBuilder.php(2308): CodeIgniter\Database\BaseConnection->query('INSERT INTO `subaybayan` (`playlist_id`) VALUES (:playlist_id:)', [...], false)
 2 SYSTEMPATH\Model.php(319): CodeIgniter\Database\BaseBuilder->insert()
 3 SYSTEMPATH\BaseModel.php(788): CodeIgniter\Model->doInsert([...])
 4 SYSTEMPATH\Model.php(715): CodeIgniter\BaseModel->insert([...], true)
 5 APPPATH\Controllers\MusicController.php(93): CodeIgniter\Model->insert([...])
 6 SYSTEMPATH\CodeIgniter.php(919): App\Controllers\MusicController->addToPlaylist()
 7 SYSTEMPATH\CodeIgniter.php(494): CodeIgniter\CodeIgniter->runController(Object(App\Controllers\MusicController))
 8 SYSTEMPATH\CodeIgniter.php(353): CodeIgniter\CodeIgniter->handleRequest(null, Object(Config\Cache), false)
 9 FCPATH\index.php(80): CodeIgniter\CodeIgniter->run()
10 SYSTEMPATH\Commands\Server\rewrite.php(47): require_once('C:\\laragon\\www\\oi\\public\\index.php')
ERROR - 2023-09-27 12:50:19 --> mysqli_sql_exception: Column 'music_id' cannot be null in C:\laragon\www\oi\system\Database\MySQLi\Connection.php:306
Stack trace:
#0 C:\laragon\www\oi\system\Database\MySQLi\Connection.php(306): mysqli->query('INSERT INTO `su...', 0)
#1 C:\laragon\www\oi\system\Database\BaseConnection.php(692): CodeIgniter\Database\MySQLi\Connection->execute('INSERT INTO `su...')
#2 C:\laragon\www\oi\system\Database\BaseConnection.php(606): CodeIgniter\Database\BaseConnection->simpleQuery('INSERT INTO `su...')
#3 C:\laragon\www\oi\system\Database\BaseBuilder.php(2308): CodeIgniter\Database\BaseConnection->query('INSERT INTO `su...', Array, false)
#4 C:\laragon\www\oi\system\Model.php(319): CodeIgniter\Database\BaseBuilder->insert()
#5 C:\laragon\www\oi\system\BaseModel.php(788): CodeIgniter\Model->doInsert(Array)
#6 C:\laragon\www\oi\system\Model.php(715): CodeIgniter\BaseModel->insert(Array, true)
#7 C:\laragon\www\oi\app\Controllers\MusicController.php(93): CodeIgniter\Model->insert(Array)
#8 C:\laragon\www\oi\system\CodeIgniter.php(919): App\Controllers\MusicController->addToPlaylist()
#9 C:\laragon\www\oi\system\CodeIgniter.php(494): CodeIgniter\CodeIgniter->runController(Object(App\Controllers\MusicController))
#10 C:\laragon\www\oi\system\CodeIgniter.php(353): CodeIgniter\CodeIgniter->handleRequest(NULL, Object(Config\Cache), false)
#11 C:\laragon\www\oi\public\index.php(80): CodeIgniter\CodeIgniter->run()
#12 C:\laragon\www\oi\system\Commands\Server\rewrite.php(47): require_once('C:\\laragon\\www\\...')
#13 {main}
CRITICAL - 2023-09-27 12:50:19 --> Column 'music_id' cannot be null
in SYSTEMPATH\Database\BaseConnection.php on line 646.
 1 SYSTEMPATH\Database\BaseBuilder.php(2308): CodeIgniter\Database\BaseConnection->query('INSERT INTO `subaybayan` (`playlist_id`, `music_id`) VALUES (:playlist_id:, :music_id:)', [...], false)
 2 SYSTEMPATH\Model.php(319): CodeIgniter\Database\BaseBuilder->insert()
 3 SYSTEMPATH\BaseModel.php(788): CodeIgniter\Model->doInsert([...])
 4 SYSTEMPATH\Model.php(715): CodeIgniter\BaseModel->insert([...], true)
 5 APPPATH\Controllers\MusicController.php(93): CodeIgniter\Model->insert([...])
 6 SYSTEMPATH\CodeIgniter.php(919): App\Controllers\MusicController->addToPlaylist()
 7 SYSTEMPATH\CodeIgniter.php(494): CodeIgniter\CodeIgniter->runController(Object(App\Controllers\MusicController))
 8 SYSTEMPATH\CodeIgniter.php(353): CodeIgniter\CodeIgniter->handleRequest(null, Object(Config\Cache), false)
 9 FCPATH\index.php(80): CodeIgniter\CodeIgniter->run()
10 SYSTEMPATH\Commands\Server\rewrite.php(47): require_once('C:\\laragon\\www\\oi\\public\\index.php')
ERROR - 2023-09-27 12:52:42 --> mysqli_sql_exception: Column 'music_id' cannot be null in C:\laragon\www\oi\system\Database\MySQLi\Connection.php:306
Stack trace:
#0 C:\laragon\www\oi\system\Database\MySQLi\Connection.php(306): mysqli->query('INSERT INTO `su...', 0)
#1 C:\laragon\www\oi\system\Database\BaseConnection.php(692): CodeIgniter\Database\MySQLi\Connection->execute('INSERT INTO `su...')
#2 C:\laragon\www\oi\system\Database\BaseConnection.php(606): CodeIgniter\Database\BaseConnection->simpleQuery('INSERT INTO `su...')
#3 C:\laragon\www\oi\system\Database\BaseBuilder.php(2308): CodeIgniter\Database\BaseConnection->query('INSERT INTO `su...', Array, false)
#4 C:\laragon\www\oi\system\Model.php(319): CodeIgniter\Database\BaseBuilder->insert()
#5 C:\laragon\www\oi\system\BaseModel.php(788): CodeIgniter\Model->doInsert(Array)
#6 C:\laragon\www\oi\system\Model.php(715): CodeIgniter\BaseModel->insert(Array, true)
#7 C:\laragon\www\oi\app\Controllers\MusicController.php(93): CodeIgniter\Model->insert(Array)
#8 C:\laragon\www\oi\system\CodeIgniter.php(919): App\Controllers\MusicController->addToPlaylist()
#9 C:\laragon\www\oi\system\CodeIgniter.php(494): CodeIgniter\CodeIgniter->runController(Object(App\Controllers\MusicController))
#10 C:\laragon\www\oi\system\CodeIgniter.php(353): CodeIgniter\CodeIgniter->handleRequest(NULL, Object(Config\Cache), false)
#11 C:\laragon\www\oi\public\index.php(80): CodeIgniter\CodeIgniter->run()
#12 C:\laragon\www\oi\system\Commands\Server\rewrite.php(47): require_once('C:\\laragon\\www\\...')
#13 {main}
CRITICAL - 2023-09-27 12:52:43 --> Column 'music_id' cannot be null
in SYSTEMPATH\Database\BaseConnection.php on line 646.
 1 SYSTEMPATH\Database\BaseBuilder.php(2308): CodeIgniter\Database\BaseConnection->query('INSERT INTO `subaybayan` (`playlist_id`, `music_id`) VALUES (:playlist_id:, :music_id:)', [...], false)
 2 SYSTEMPATH\Model.php(319): CodeIgniter\Database\BaseBuilder->insert()
 3 SYSTEMPATH\BaseModel.php(788): CodeIgniter\Model->doInsert([...])
 4 SYSTEMPATH\Model.php(715): CodeIgniter\BaseModel->insert([...], true)
 5 APPPATH\Controllers\MusicController.php(93): CodeIgniter\Model->insert([...])
 6 SYSTEMPATH\CodeIgniter.php(919): App\Controllers\MusicController->addToPlaylist()
 7 SYSTEMPATH\CodeIgniter.php(494): CodeIgniter\CodeIgniter->runController(Object(App\Controllers\MusicController))
 8 SYSTEMPATH\CodeIgniter.php(353): CodeIgniter\CodeIgniter->handleRequest(null, Object(Config\Cache), false)
 9 FCPATH\index.php(80): CodeIgniter\CodeIgniter->run()
10 SYSTEMPATH\Commands\Server\rewrite.php(47): require_once('C:\\laragon\\www\\oi\\public\\index.php')
ERROR - 2023-09-27 12:58:32 --> mysqli_sql_exception: Table 'song.music' doesn't exist in C:\laragon\www\oi\system\Database\MySQLi\Connection.php:306
Stack trace:
#0 C:\laragon\www\oi\system\Database\MySQLi\Connection.php(306): mysqli->query('SELECT *\nFROM `...', 0)
#1 C:\laragon\www\oi\system\Database\BaseConnection.php(692): CodeIgniter\Database\MySQLi\Connection->execute('SELECT *\nFROM `...')
#2 C:\laragon\www\oi\system\Database\BaseConnection.php(606): CodeIgniter\Database\BaseConnection->simpleQuery('SELECT *\nFROM `...')
#3 C:\laragon\www\oi\system\Database\BaseBuilder.php(1615): CodeIgniter\Database\BaseConnection->query('SELECT *\nFROM `...', Array, false)
#4 C:\laragon\www\oi\system\Model.php(237): CodeIgniter\Database\BaseBuilder->get()
#5 C:\laragon\www\oi\system\BaseModel.php(624): CodeIgniter\Model->doFindAll(0, 0)
#6 C:\laragon\www\oi\app\Controllers\MusicController.php(33): CodeIgniter\BaseModel->findAll()
#7 C:\laragon\www\oi\system\CodeIgniter.php(919): App\Controllers\MusicController->main()
#8 C:\laragon\www\oi\system\CodeIgniter.php(494): CodeIgniter\CodeIgniter->runController(Object(App\Controllers\MusicController))
#9 C:\laragon\www\oi\system\CodeIgniter.php(353): CodeIgniter\CodeIgniter->handleRequest(NULL, Object(Config\Cache), false)
#10 C:\laragon\www\oi\public\index.php(80): CodeIgniter\CodeIgniter->run()
#11 C:\laragon\www\oi\system\Commands\Server\rewrite.php(47): require_once('C:\\laragon\\www\\...')
#12 {main}
CRITICAL - 2023-09-27 12:58:32 --> Table 'song.music' doesn't exist
in SYSTEMPATH\Database\BaseConnection.php on line 646.
 1 SYSTEMPATH\Database\BaseBuilder.php(1615): CodeIgniter\Database\BaseConnection->query('SELECT *
FROM `music`', [], false)
 2 SYSTEMPATH\Model.php(237): CodeIgniter\Database\BaseBuilder->get()
 3 SYSTEMPATH\BaseModel.php(624): CodeIgniter\Model->doFindAll(0, 0)
 4 APPPATH\Controllers\MusicController.php(33): CodeIgniter\BaseModel->findAll()
 5 SYSTEMPATH\CodeIgniter.php(919): App\Controllers\MusicController->main()
 6 SYSTEMPATH\CodeIgniter.php(494): CodeIgniter\CodeIgniter->runController(Object(App\Controllers\MusicController))
 7 SYSTEMPATH\CodeIgniter.php(353): CodeIgniter\CodeIgniter->handleRequest(null, Object(Config\Cache), false)
 8 FCPATH\index.php(80): CodeIgniter\CodeIgniter->run()
 9 SYSTEMPATH\Commands\Server\rewrite.php(47): require_once('C:\\laragon\\www\\oi\\public\\index.php')
ERROR - 2023-09-27 12:58:33 --> mysqli_sql_exception: Table 'song.music' doesn't exist in C:\laragon\www\oi\system\Database\MySQLi\Connection.php:306
Stack trace:
#0 C:\laragon\www\oi\system\Database\MySQLi\Connection.php(306): mysqli->query('SELECT *\nFROM `...', 0)
#1 C:\laragon\www\oi\system\Database\BaseConnection.php(692): CodeIgniter\Database\MySQLi\Connection->execute('SELECT *\nFROM `...')
#2 C:\laragon\www\oi\system\Database\BaseConnection.php(606): CodeIgniter\Database\BaseConnection->simpleQuery('SELECT *\nFROM `...')
#3 C:\laragon\www\oi\system\Database\BaseBuilder.php(1615): CodeIgniter\Database\BaseConnection->query('SELECT *\nFROM `...', Array, false)
#4 C:\laragon\www\oi\system\Model.php(237): CodeIgniter\Database\BaseBuilder->get()
#5 C:\laragon\www\oi\system\BaseModel.php(624): CodeIgniter\Model->doFindAll(0, 0)
#6 C:\laragon\www\oi\app\Controllers\MusicController.php(33): CodeIgniter\BaseModel->findAll()
#7 C:\laragon\www\oi\system\CodeIgniter.php(919): App\Controllers\MusicController->main()
#8 C:\laragon\www\oi\system\CodeIgniter.php(494): CodeIgniter\CodeIgniter->runController(Object(App\Controllers\MusicController))
#9 C:\laragon\www\oi\system\CodeIgniter.php(353): CodeIgniter\CodeIgniter->handleRequest(NULL, Object(Config\Cache), false)
#10 C:\laragon\www\oi\public\index.php(80): CodeIgniter\CodeIgniter->run()
#11 C:\laragon\www\oi\system\Commands\Server\rewrite.php(47): require_once('C:\\laragon\\www\\...')
#12 {main}
CRITICAL - 2023-09-27 12:58:33 --> Table 'song.music' doesn't exist
in SYSTEMPATH\Database\BaseConnection.php on line 646.
 1 SYSTEMPATH\Database\BaseBuilder.php(1615): CodeIgniter\Database\BaseConnection->query('SELECT *
FROM `music`', [], false)
 2 SYSTEMPATH\Model.php(237): CodeIgniter\Database\BaseBuilder->get()
 3 SYSTEMPATH\BaseModel.php(624): CodeIgniter\Model->doFindAll(0, 0)
 4 APPPATH\Controllers\MusicController.php(33): CodeIgniter\BaseModel->findAll()
 5 SYSTEMPATH\CodeIgniter.php(919): App\Controllers\MusicController->main()
 6 SYSTEMPATH\CodeIgniter.php(494): CodeIgniter\CodeIgniter->runController(Object(App\Controllers\MusicController))
 7 SYSTEMPATH\CodeIgniter.php(353): CodeIgniter\CodeIgniter->handleRequest(null, Object(Config\Cache), false)
 8 FCPATH\index.php(80): CodeIgniter\CodeIgniter->run()
 9 SYSTEMPATH\Commands\Server\rewrite.php(47): require_once('C:\\laragon\\www\\oi\\public\\index.php')
ERROR - 2023-09-27 12:58:36 --> mysqli_sql_exception: Table 'song.music' doesn't exist in C:\laragon\www\oi\system\Database\MySQLi\Connection.php:306
Stack trace:
#0 C:\laragon\www\oi\system\Database\MySQLi\Connection.php(306): mysqli->query('SELECT *\nFROM `...', 0)
#1 C:\laragon\www\oi\system\Database\BaseConnection.php(692): CodeIgniter\Database\MySQLi\Connection->execute('SELECT *\nFROM `...')
#2 C:\laragon\www\oi\system\Database\BaseConnection.php(606): CodeIgniter\Database\BaseConnection->simpleQuery('SELECT *\nFROM `...')
#3 C:\laragon\www\oi\system\Database\BaseBuilder.php(1615): CodeIgniter\Database\BaseConnection->query('SELECT *\nFROM `...', Array, false)
#4 C:\laragon\www\oi\system\Model.php(237): CodeIgniter\Database\BaseBuilder->get()
#5 C:\laragon\www\oi\system\BaseModel.php(624): CodeIgniter\Model->doFindAll(0, 0)
#6 C:\laragon\www\oi\app\Controllers\MusicController.php(33): CodeIgniter\BaseModel->findAll()
#7 C:\laragon\www\oi\system\CodeIgniter.php(919): App\Controllers\MusicController->main()
#8 C:\laragon\www\oi\system\CodeIgniter.php(494): CodeIgniter\CodeIgniter->runController(Object(App\Controllers\MusicController))
#9 C:\laragon\www\oi\system\CodeIgniter.php(353): CodeIgniter\CodeIgniter->handleRequest(NULL, Object(Config\Cache), false)
#10 C:\laragon\www\oi\public\index.php(80): CodeIgniter\CodeIgniter->run()
#11 C:\laragon\www\oi\system\Commands\Server\rewrite.php(47): require_once('C:\\laragon\\www\\...')
#12 {main}
CRITICAL - 2023-09-27 12:58:36 --> Table 'song.music' doesn't exist
in SYSTEMPATH\Database\BaseConnection.php on line 646.
 1 SYSTEMPATH\Database\BaseBuilder.php(1615): CodeIgniter\Database\BaseConnection->query('SELECT *
FROM `music`', [], false)
 2 SYSTEMPATH\Model.php(237): CodeIgniter\Database\BaseBuilder->get()
 3 SYSTEMPATH\BaseModel.php(624): CodeIgniter\Model->doFindAll(0, 0)
 4 APPPATH\Controllers\MusicController.php(33): CodeIgniter\BaseModel->findAll()
 5 SYSTEMPATH\CodeIgniter.php(919): App\Controllers\MusicController->main()
 6 SYSTEMPATH\CodeIgniter.php(494): CodeIgniter\CodeIgniter->runController(Object(App\Controllers\MusicController))
 7 SYSTEMPATH\CodeIgniter.php(353): CodeIgniter\CodeIgniter->handleRequest(null, Object(Config\Cache), false)
 8 FCPATH\index.php(80): CodeIgniter\CodeIgniter->run()
 9 SYSTEMPATH\Commands\Server\rewrite.php(47): require_once('C:\\laragon\\www\\oi\\public\\index.php')
ERROR - 2023-09-27 12:58:37 --> mysqli_sql_exception: Table 'song.music' doesn't exist in C:\laragon\www\oi\system\Database\MySQLi\Connection.php:306
Stack trace:
#0 C:\laragon\www\oi\system\Database\MySQLi\Connection.php(306): mysqli->query('SELECT *\nFROM `...', 0)
#1 C:\laragon\www\oi\system\Database\BaseConnection.php(692): CodeIgniter\Database\MySQLi\Connection->execute('SELECT *\nFROM `...')
#2 C:\laragon\www\oi\system\Database\BaseConnection.php(606): CodeIgniter\Database\BaseConnection->simpleQuery('SELECT *\nFROM `...')
#3 C:\laragon\www\oi\system\Database\BaseBuilder.php(1615): CodeIgniter\Database\BaseConnection->query('SELECT *\nFROM `...', Array, false)
#4 C:\laragon\www\oi\system\Model.php(237): CodeIgniter\Database\BaseBuilder->get()
#5 C:\laragon\www\oi\system\BaseModel.php(624): CodeIgniter\Model->doFindAll(0, 0)
#6 C:\laragon\www\oi\app\Controllers\MusicController.php(33): CodeIgniter\BaseModel->findAll()
#7 C:\laragon\www\oi\system\CodeIgniter.php(919): App\Controllers\MusicController->main()
#8 C:\laragon\www\oi\system\CodeIgniter.php(494): CodeIgniter\CodeIgniter->runController(Object(App\Controllers\MusicController))
#9 C:\laragon\www\oi\system\CodeIgniter.php(353): CodeIgniter\CodeIgniter->handleRequest(NULL, Object(Config\Cache), false)
#10 C:\laragon\www\oi\public\index.php(80): CodeIgniter\CodeIgniter->run()
#11 C:\laragon\www\oi\system\Commands\Server\rewrite.php(47): require_once('C:\\laragon\\www\\...')
#12 {main}
CRITICAL - 2023-09-27 12:58:37 --> Table 'song.music' doesn't exist
in SYSTEMPATH\Database\BaseConnection.php on line 646.
 1 SYSTEMPATH\Database\BaseBuilder.php(1615): CodeIgniter\Database\BaseConnection->query('SELECT *
FROM `music`', [], false)
 2 SYSTEMPATH\Model.php(237): CodeIgniter\Database\BaseBuilder->get()
 3 SYSTEMPATH\BaseModel.php(624): CodeIgniter\Model->doFindAll(0, 0)
 4 APPPATH\Controllers\MusicController.php(33): CodeIgniter\BaseModel->findAll()
 5 SYSTEMPATH\CodeIgniter.php(919): App\Controllers\MusicController->main()
 6 SYSTEMPATH\CodeIgniter.php(494): CodeIgniter\CodeIgniter->runController(Object(App\Controllers\MusicController))
 7 SYSTEMPATH\CodeIgniter.php(353): CodeIgniter\CodeIgniter->handleRequest(null, Object(Config\Cache), false)
 8 FCPATH\index.php(80): CodeIgniter\CodeIgniter->run()
 9 SYSTEMPATH\Commands\Server\rewrite.php(47): require_once('C:\\laragon\\www\\oi\\public\\index.php')
ERROR - 2023-09-27 12:59:33 --> mysqli_sql_exception: Table 'song.music' doesn't exist in C:\laragon\www\oi\system\Database\MySQLi\Connection.php:306
Stack trace:
#0 C:\laragon\www\oi\system\Database\MySQLi\Connection.php(306): mysqli->query('SELECT *\nFROM `...', 0)
#1 C:\laragon\www\oi\system\Database\BaseConnection.php(692): CodeIgniter\Database\MySQLi\Connection->execute('SELECT *\nFROM `...')
#2 C:\laragon\www\oi\system\Database\BaseConnection.php(606): CodeIgniter\Database\BaseConnection->simpleQuery('SELECT *\nFROM `...')
#3 C:\laragon\www\oi\system\Database\BaseBuilder.php(1615): CodeIgniter\Database\BaseConnection->query('SELECT *\nFROM `...', Array, false)
#4 C:\laragon\www\oi\system\Model.php(237): CodeIgniter\Database\BaseBuilder->get()
#5 C:\laragon\www\oi\system\BaseModel.php(624): CodeIgniter\Model->doFindAll(0, 0)
#6 C:\laragon\www\oi\app\Controllers\MusicController.php(33): CodeIgniter\BaseModel->findAll()
#7 C:\laragon\www\oi\system\CodeIgniter.php(919): App\Controllers\MusicController->main()
#8 C:\laragon\www\oi\system\CodeIgniter.php(494): CodeIgniter\CodeIgniter->runController(Object(App\Controllers\MusicController))
#9 C:\laragon\www\oi\system\CodeIgniter.php(353): CodeIgniter\CodeIgniter->handleRequest(NULL, Object(Config\Cache), false)
#10 C:\laragon\www\oi\public\index.php(80): CodeIgniter\CodeIgniter->run()
#11 C:\laragon\www\oi\system\Commands\Server\rewrite.php(47): require_once('C:\\laragon\\www\\...')
#12 {main}
CRITICAL - 2023-09-27 12:59:33 --> Table 'song.music' doesn't exist
in SYSTEMPATH\Database\BaseConnection.php on line 646.
 1 SYSTEMPATH\Database\BaseBuilder.php(1615): CodeIgniter\Database\BaseConnection->query('SELECT *
FROM `music`', [], false)
 2 SYSTEMPATH\Model.php(237): CodeIgniter\Database\BaseBuilder->get()
 3 SYSTEMPATH\BaseModel.php(624): CodeIgniter\Model->doFindAll(0, 0)
 4 APPPATH\Controllers\MusicController.php(33): CodeIgniter\BaseModel->findAll()
 5 SYSTEMPATH\CodeIgniter.php(919): App\Controllers\MusicController->main()
 6 SYSTEMPATH\CodeIgniter.php(494): CodeIgniter\CodeIgniter->runController(Object(App\Controllers\MusicController))
 7 SYSTEMPATH\CodeIgniter.php(353): CodeIgniter\CodeIgniter->handleRequest(null, Object(Config\Cache), false)
 8 FCPATH\index.php(80): CodeIgniter\CodeIgniter->run()
 9 SYSTEMPATH\Commands\Server\rewrite.php(47): require_once('C:\\laragon\\www\\oi\\public\\index.php')
ERROR - 2023-09-27 12:59:37 --> mysqli_sql_exception: Table 'song.music' doesn't exist in C:\laragon\www\oi\system\Database\MySQLi\Connection.php:306
Stack trace:
#0 C:\laragon\www\oi\system\Database\MySQLi\Connection.php(306): mysqli->query('SELECT *\nFROM `...', 0)
#1 C:\laragon\www\oi\system\Database\BaseConnection.php(692): CodeIgniter\Database\MySQLi\Connection->execute('SELECT *\nFROM `...')
#2 C:\laragon\www\oi\system\Database\BaseConnection.php(606): CodeIgniter\Database\BaseConnection->simpleQuery('SELECT *\nFROM `...')
#3 C:\laragon\www\oi\system\Database\BaseBuilder.php(1615): CodeIgniter\Database\BaseConnection->query('SELECT *\nFROM `...', Array, false)
#4 C:\laragon\www\oi\system\Model.php(237): CodeIgniter\Database\BaseBuilder->get()
#5 C:\laragon\www\oi\system\BaseModel.php(624): CodeIgniter\Model->doFindAll(0, 0)
#6 C:\laragon\www\oi\app\Controllers\MusicController.php(33): CodeIgniter\BaseModel->findAll()
#7 C:\laragon\www\oi\system\CodeIgniter.php(919): App\Controllers\MusicController->main()
#8 C:\laragon\www\oi\system\CodeIgniter.php(494): CodeIgniter\CodeIgniter->runController(Object(App\Controllers\MusicController))
#9 C:\laragon\www\oi\system\CodeIgniter.php(353): CodeIgniter\CodeIgniter->handleRequest(NULL, Object(Config\Cache), false)
#10 C:\laragon\www\oi\public\index.php(80): CodeIgniter\CodeIgniter->run()
#11 C:\laragon\www\oi\system\Commands\Server\rewrite.php(47): require_once('C:\\laragon\\www\\...')
#12 {main}
CRITICAL - 2023-09-27 12:59:37 --> Table 'song.music' doesn't exist
in SYSTEMPATH\Database\BaseConnection.php on line 646.
 1 SYSTEMPATH\Database\BaseBuilder.php(1615): CodeIgniter\Database\BaseConnection->query('SELECT *
FROM `music`', [], false)
 2 SYSTEMPATH\Model.php(237): CodeIgniter\Database\BaseBuilder->get()
 3 SYSTEMPATH\BaseModel.php(624): CodeIgniter\Model->doFindAll(0, 0)
 4 APPPATH\Controllers\MusicController.php(33): CodeIgniter\BaseModel->findAll()
 5 SYSTEMPATH\CodeIgniter.php(919): App\Controllers\MusicController->main()
 6 SYSTEMPATH\CodeIgniter.php(494): CodeIgniter\CodeIgniter->runController(Object(App\Controllers\MusicController))
 7 SYSTEMPATH\CodeIgniter.php(353): CodeIgniter\CodeIgniter->handleRequest(null, Object(Config\Cache), false)
 8 FCPATH\index.php(80): CodeIgniter\CodeIgniter->run()
 9 SYSTEMPATH\Commands\Server\rewrite.php(47): require_once('C:\\laragon\\www\\oi\\public\\index.php')
ERROR - 2023-09-27 13:00:48 --> mysqli_sql_exception: Table 'song.music' doesn't exist in C:\laragon\www\oi\system\Database\MySQLi\Connection.php:306
Stack trace:
#0 C:\laragon\www\oi\system\Database\MySQLi\Connection.php(306): mysqli->query('SELECT *\nFROM `...', 0)
#1 C:\laragon\www\oi\system\Database\BaseConnection.php(692): CodeIgniter\Database\MySQLi\Connection->execute('SELECT *\nFROM `...')
#2 C:\laragon\www\oi\system\Database\BaseConnection.php(606): CodeIgniter\Database\BaseConnection->simpleQuery('SELECT *\nFROM `...')
#3 C:\laragon\www\oi\system\Database\BaseBuilder.php(1615): CodeIgniter\Database\BaseConnection->query('SELECT *\nFROM `...', Array, false)
#4 C:\laragon\www\oi\system\Model.php(237): CodeIgniter\Database\BaseBuilder->get()
#5 C:\laragon\www\oi\system\BaseModel.php(624): CodeIgniter\Model->doFindAll(0, 0)
#6 C:\laragon\www\oi\app\Controllers\MusicController.php(33): CodeIgniter\BaseModel->findAll()
#7 C:\laragon\www\oi\system\CodeIgniter.php(919): App\Controllers\MusicController->main()
#8 C:\laragon\www\oi\system\CodeIgniter.php(494): CodeIgniter\CodeIgniter->runController(Object(App\Controllers\MusicController))
#9 C:\laragon\www\oi\system\CodeIgniter.php(353): CodeIgniter\CodeIgniter->handleRequest(NULL, Object(Config\Cache), false)
#10 C:\laragon\www\oi\public\index.php(80): CodeIgniter\CodeIgniter->run()
#11 C:\laragon\www\oi\system\Commands\Server\rewrite.php(47): require_once('C:\\laragon\\www\\...')
#12 {main}
CRITICAL - 2023-09-27 13:00:48 --> Table 'song.music' doesn't exist
in SYSTEMPATH\Database\BaseConnection.php on line 646.
 1 SYSTEMPATH\Database\BaseBuilder.php(1615): CodeIgniter\Database\BaseConnection->query('SELECT *
FROM `music`', [], false)
 2 SYSTEMPATH\Model.php(237): CodeIgniter\Database\BaseBuilder->get()
 3 SYSTEMPATH\BaseModel.php(624): CodeIgniter\Model->doFindAll(0, 0)
 4 APPPATH\Controllers\MusicController.php(33): CodeIgniter\BaseModel->findAll()
 5 SYSTEMPATH\CodeIgniter.php(919): App\Controllers\MusicController->main()
 6 SYSTEMPATH\CodeIgniter.php(494): CodeIgniter\CodeIgniter->runController(Object(App\Controllers\MusicController))
 7 SYSTEMPATH\CodeIgniter.php(353): CodeIgniter\CodeIgniter->handleRequest(null, Object(Config\Cache), false)
 8 FCPATH\index.php(80): CodeIgniter\CodeIgniter->run()
 9 SYSTEMPATH\Commands\Server\rewrite.php(47): require_once('C:\\laragon\\www\\oi\\public\\index.php')
ERROR - 2023-09-27 13:03:18 --> mysqli_sql_exception: Column 'music_id' cannot be null in C:\laragon\www\oi\system\Database\MySQLi\Connection.php:306
Stack trace:
#0 C:\laragon\www\oi\system\Database\MySQLi\Connection.php(306): mysqli->query('INSERT INTO `su...', 0)
#1 C:\laragon\www\oi\system\Database\BaseConnection.php(692): CodeIgniter\Database\MySQLi\Connection->execute('INSERT INTO `su...')
#2 C:\laragon\www\oi\system\Database\BaseConnection.php(606): CodeIgniter\Database\BaseConnection->simpleQuery('INSERT INTO `su...')
#3 C:\laragon\www\oi\system\Database\BaseBuilder.php(2308): CodeIgniter\Database\BaseConnection->query('INSERT INTO `su...', Array, false)
#4 C:\laragon\www\oi\system\Model.php(319): CodeIgniter\Database\BaseBuilder->insert()
#5 C:\laragon\www\oi\system\BaseModel.php(788): CodeIgniter\Model->doInsert(Array)
#6 C:\laragon\www\oi\system\Model.php(715): CodeIgniter\BaseModel->insert(Array, true)
#7 C:\laragon\www\oi\app\Controllers\MusicController.php(93): CodeIgniter\Model->insert(Array)
#8 C:\laragon\www\oi\system\CodeIgniter.php(919): App\Controllers\MusicController->addToPlaylist()
#9 C:\laragon\www\oi\system\CodeIgniter.php(494): CodeIgniter\CodeIgniter->runController(Object(App\Controllers\MusicController))
#10 C:\laragon\www\oi\system\CodeIgniter.php(353): CodeIgniter\CodeIgniter->handleRequest(NULL, Object(Config\Cache), false)
#11 C:\laragon\www\oi\public\index.php(80): CodeIgniter\CodeIgniter->run()
#12 C:\laragon\www\oi\system\Commands\Server\rewrite.php(47): require_once('C:\\laragon\\www\\...')
#13 {main}
CRITICAL - 2023-09-27 13:03:18 --> Column 'music_id' cannot be null
in SYSTEMPATH\Database\BaseConnection.php on line 646.
 1 SYSTEMPATH\Database\BaseBuilder.php(2308): CodeIgniter\Database\BaseConnection->query('INSERT INTO `subaybayan` (`playlist_id`, `music_id`) VALUES (:playlist_id:, :music_id:)', [...], false)
 2 SYSTEMPATH\Model.php(319): CodeIgniter\Database\BaseBuilder->insert()
 3 SYSTEMPATH\BaseModel.php(788): CodeIgniter\Model->doInsert([...])
 4 SYSTEMPATH\Model.php(715): CodeIgniter\BaseModel->insert([...], true)
 5 APPPATH\Controllers\MusicController.php(93): CodeIgniter\Model->insert([...])
 6 SYSTEMPATH\CodeIgniter.php(919): App\Controllers\MusicController->addToPlaylist()
 7 SYSTEMPATH\CodeIgniter.php(494): CodeIgniter\CodeIgniter->runController(Object(App\Controllers\MusicController))
 8 SYSTEMPATH\CodeIgniter.php(353): CodeIgniter\CodeIgniter->handleRequest(null, Object(Config\Cache), false)
 9 FCPATH\index.php(80): CodeIgniter\CodeIgniter->run()
10 SYSTEMPATH\Commands\Server\rewrite.php(47): require_once('C:\\laragon\\www\\oi\\public\\index.php')
CRITICAL - 2023-09-27 14:17:22 --> Class "App\Models\Playlist" not found
in APPPATH\Controllers\MusicController.php on line 22.
 1 SYSTEMPATH\CodeIgniter.php(891): App\Controllers\MusicController->__construct()
 2 SYSTEMPATH\CodeIgniter.php(485): CodeIgniter\CodeIgniter->createController()
 3 SYSTEMPATH\CodeIgniter.php(353): CodeIgniter\CodeIgniter->handleRequest(null, Object(Config\Cache), false)
 4 FCPATH\index.php(80): CodeIgniter\CodeIgniter->run()
 5 SYSTEMPATH\Commands\Server\rewrite.php(47): require_once('C:\\laragon\\www\\GitHub\\lab2\\public\\index.php')
